{"/home/daffl/Feathers/Kalisio/weacast/packages/core/src/index.js":{"path":"/home/daffl/Feathers/Kalisio/weacast/packages/core/src/index.js","statementMap":{"0":{"start":{"line":3,"column":0},"end":{"line":5,"column":3}},"1":{"start":{"line":6,"column":0},"end":{"line":6,"column":138}},"2":{"start":{"line":8,"column":10},"end":{"line":8,"column":25}},"3":{"start":{"line":10,"column":0},"end":{"line":15,"column":3}},"4":{"start":{"line":13,"column":4},"end":{"line":13,"column":24}},"5":{"start":{"line":17,"column":14},"end":{"line":17,"column":33}},"6":{"start":{"line":19,"column":0},"end":{"line":27,"column":3}},"7":{"start":{"line":20,"column":2},"end":{"line":20,"column":56}},"8":{"start":{"line":20,"column":49},"end":{"line":20,"column":56}},"9":{"start":{"line":21,"column":2},"end":{"line":26,"column":5}},"10":{"start":{"line":24,"column":6},"end":{"line":24,"column":26}},"11":{"start":{"line":29,"column":14},"end":{"line":29,"column":33}},"12":{"start":{"line":31,"column":0},"end":{"line":39,"column":3}},"13":{"start":{"line":32,"column":2},"end":{"line":32,"column":56}},"14":{"start":{"line":32,"column":49},"end":{"line":32,"column":56}},"15":{"start":{"line":33,"column":2},"end":{"line":38,"column":5}},"16":{"start":{"line":36,"column":6},"end":{"line":36,"column":26}},"17":{"start":{"line":40,"column":0},"end":{"line":40,"column":23}},"18":{"start":{"line":42,"column":13},"end":{"line":42,"column":29}},"19":{"start":{"line":44,"column":14},"end":{"line":44,"column":44}},"20":{"start":{"line":46,"column":16},"end":{"line":46,"column":37}},"21":{"start":{"line":48,"column":17},"end":{"line":48,"column":50}},"22":{"start":{"line":50,"column":16},"end":{"line":50,"column":37}},"23":{"start":{"line":52,"column":17},"end":{"line":52,"column":50}},"24":{"start":{"line":54,"column":14},"end":{"line":54,"column":33}},"25":{"start":{"line":56,"column":15},"end":{"line":56,"column":46}},"26":{"start":{"line":58,"column":19},"end":{"line":58,"column":43}},"27":{"start":{"line":60,"column":20},"end":{"line":60,"column":56}},"28":{"start":{"line":62,"column":17},"end":{"line":62,"column":62}},"29":{"start":{"line":64,"column":17},"end":{"line":64,"column":51}},"30":{"start":{"line":66,"column":14},"end":{"line":66,"column":32}},"31":{"start":{"line":68,"column":13},"end":{"line":68,"column":45}},"32":{"start":{"line":70,"column":40},"end":{"line":70,"column":267}},"33":{"start":{"line":70,"column":69},"end":{"line":70,"column":80}},"34":{"start":{"line":70,"column":103},"end":{"line":70,"column":105}},"35":{"start":{"line":70,"column":107},"end":{"line":70,"column":228}},"36":{"start":{"line":70,"column":126},"end":{"line":70,"column":226}},"37":{"start":{"line":70,"column":149},"end":{"line":70,"column":224}},"38":{"start":{"line":70,"column":201},"end":{"line":70,"column":224}},"39":{"start":{"line":70,"column":229},"end":{"line":70,"column":250}},"40":{"start":{"line":70,"column":251},"end":{"line":70,"column":265}},"41":{"start":{"line":72,"column":39},"end":{"line":72,"column":93}},"42":{"start":{"line":74,"column":15},"end":{"line":74,"column":63}},"43":{"start":{"line":75,"column":0},"end":{"line":75,"column":40}},"44":{"start":{"line":76,"column":0},"end":{"line":76,"column":48}},"45":{"start":{"line":77,"column":0},"end":{"line":77,"column":44}},"46":{"start":{"line":78,"column":0},"end":{"line":78,"column":23}},"47":{"start":{"line":81,"column":14},"end":{"line":81,"column":58}},"48":{"start":{"line":84,"column":2},"end":{"line":84,"column":32}},"49":{"start":{"line":85,"column":2},"end":{"line":85,"column":36}}},"fnMap":{"0":{"name":"(anonymous_0)","decl":{"start":{"line":12,"column":7},"end":{"line":12,"column":8}},"loc":{"start":{"line":12,"column":19},"end":{"line":14,"column":3}},"line":12},"1":{"name":"(anonymous_1)","decl":{"start":{"line":19,"column":29},"end":{"line":19,"column":30}},"loc":{"start":{"line":19,"column":44},"end":{"line":27,"column":1}},"line":19},"2":{"name":"(anonymous_2)","decl":{"start":{"line":23,"column":9},"end":{"line":23,"column":10}},"loc":{"start":{"line":23,"column":21},"end":{"line":25,"column":5}},"line":23},"3":{"name":"(anonymous_3)","decl":{"start":{"line":31,"column":29},"end":{"line":31,"column":30}},"loc":{"start":{"line":31,"column":44},"end":{"line":39,"column":1}},"line":31},"4":{"name":"(anonymous_4)","decl":{"start":{"line":35,"column":9},"end":{"line":35,"column":10}},"loc":{"start":{"line":35,"column":21},"end":{"line":37,"column":5}},"line":35},"5":{"name":"_interopRequireWildcard","decl":{"start":{"line":70,"column":9},"end":{"line":70,"column":32}},"loc":{"start":{"line":70,"column":38},"end":{"line":70,"column":269}},"line":70},"6":{"name":"_interopRequireDefault","decl":{"start":{"line":72,"column":9},"end":{"line":72,"column":31}},"loc":{"start":{"line":72,"column":37},"end":{"line":72,"column":95}},"line":72},"7":{"name":"init","decl":{"start":{"line":83,"column":9},"end":{"line":83,"column":13}},"loc":{"start":{"line":83,"column":19},"end":{"line":86,"column":1}},"line":83}},"branchMap":{"0":{"loc":{"start":{"line":20,"column":2},"end":{"line":20,"column":56}},"type":"if","locations":[{"start":{"line":20,"column":2},"end":{"line":20,"column":56}},{"start":{"line":20,"column":2},"end":{"line":20,"column":56}}],"line":20},"1":{"loc":{"start":{"line":20,"column":6},"end":{"line":20,"column":47}},"type":"binary-expr","locations":[{"start":{"line":20,"column":6},"end":{"line":20,"column":23}},{"start":{"line":20,"column":27},"end":{"line":20,"column":47}}],"line":20},"2":{"loc":{"start":{"line":32,"column":2},"end":{"line":32,"column":56}},"type":"if","locations":[{"start":{"line":32,"column":2},"end":{"line":32,"column":56}},{"start":{"line":32,"column":2},"end":{"line":32,"column":56}}],"line":32},"3":{"loc":{"start":{"line":32,"column":6},"end":{"line":32,"column":47}},"type":"binary-expr","locations":[{"start":{"line":32,"column":6},"end":{"line":32,"column":23}},{"start":{"line":32,"column":27},"end":{"line":32,"column":47}}],"line":32},"4":{"loc":{"start":{"line":70,"column":40},"end":{"line":70,"column":267}},"type":"if","locations":[{"start":{"line":70,"column":40},"end":{"line":70,"column":267}},{"start":{"line":70,"column":40},"end":{"line":70,"column":267}}],"line":70},"5":{"loc":{"start":{"line":70,"column":44},"end":{"line":70,"column":65}},"type":"binary-expr","locations":[{"start":{"line":70,"column":44},"end":{"line":70,"column":47}},{"start":{"line":70,"column":51},"end":{"line":70,"column":65}}],"line":70},"6":{"loc":{"start":{"line":70,"column":107},"end":{"line":70,"column":228}},"type":"if","locations":[{"start":{"line":70,"column":107},"end":{"line":70,"column":228}},{"start":{"line":70,"column":107},"end":{"line":70,"column":228}}],"line":70},"7":{"loc":{"start":{"line":70,"column":149},"end":{"line":70,"column":224}},"type":"if","locations":[{"start":{"line":70,"column":149},"end":{"line":70,"column":224}},{"start":{"line":70,"column":149},"end":{"line":70,"column":224}}],"line":70},"8":{"loc":{"start":{"line":72,"column":46},"end":{"line":72,"column":92}},"type":"cond-expr","locations":[{"start":{"line":72,"column":70},"end":{"line":72,"column":73}},{"start":{"line":72,"column":76},"end":{"line":72,"column":92}}],"line":72},"9":{"loc":{"start":{"line":72,"column":46},"end":{"line":72,"column":67}},"type":"binary-expr","locations":[{"start":{"line":72,"column":46},"end":{"line":72,"column":49}},{"start":{"line":72,"column":53},"end":{"line":72,"column":67}}],"line":72}},"s":{"0":1,"1":1,"2":1,"3":1,"4":0,"5":1,"6":1,"7":4,"8":0,"9":4,"10":3,"11":1,"12":1,"13":3,"14":1,"15":2,"16":0,"17":1,"18":1,"19":1,"20":1,"21":1,"22":1,"23":1,"24":1,"25":1,"26":1,"27":1,"28":1,"29":1,"30":1,"31":1,"32":1,"33":1,"34":0,"35":0,"36":0,"37":0,"38":0,"39":0,"40":0,"41":6,"42":1,"43":1,"44":1,"45":1,"46":1,"47":1,"48":2,"49":2},"f":{"0":0,"1":4,"2":3,"3":3,"4":0,"5":1,"6":6,"7":2},"b":{"0":[0,4],"1":[4,4],"2":[1,2],"3":[3,2],"4":[1,0],"5":[1,1],"6":[0,0],"7":[0,0],"8":[1,5],"9":[6,6]},"inputSourceMap":{"version":3,"sources":["index.js"],"names":["Database","init","elements","hooks","weacast","initializeElements","initializePlugin","debug","app","configure","services"],"mappings":";;;;;;;;;;;;eAUSA,Q;;;;;;AACT;AAAA;AAAA;AAAA;AAAA;AAAA;AAAA;AAAA;AAAA;;;;AAEA;AAAA;AAAA;AAAA;AAAA;AAAA;AAAA;AAAA;AAAA;kBAIwBC,I;;AAjBxB;;;;AACA;;;;AACA;;;;AACA;;;;AACA;;;;AACA;;;;;;;;;;;;AAEO,IAAIC,8BAAW,EAAEC,yBAAF,EAAf;QACEC,O,GAAAA,qB;QACAC,kB,GAAAA,kB;QAAoBC,gB,GAAAA,gB;QAGjBH,K;;;AAGZ,MAAMI,QAAQ,qBAAU,sBAAV,CAAd;;AAEe,SAASN,IAAT,CAAeO,GAAf,EAAoB;AACjCD,QAAM,sBAAN;AACAC,MAAIC,SAAJ,CAAcC,kBAAd;AACD","file":"index.js","sourceRoot":"/home/daffl/Feathers/Kalisio/weacast/packages/core/src","sourcesContent":["import makeDebug from 'debug'\nimport services from './services'\nimport initializeElements from './elements'\nimport initializePlugin from './plugin'\nimport weacast from './application'\nimport hooks from './services/elements/elements.hooks'\n\nexport let elements = { hooks }\nexport { weacast }\nexport { initializeElements, initializePlugin }\nexport { Database } from './db'\nexport * from './common'\nexport * as hooks from './hooks'\nexport * from './mixins'\n\nconst debug = makeDebug('weacast:weacast-core')\n\nexport default function init (app) {\n  debug('Initializing weacast')\n  app.configure(services)\n}\n"]},"_coverageSchema":"1a1c01bbd47fc00a2c39e90264f33305004495a9","hash":"aee5189d9f207d9d998335892e85097f27a51f2a","contentHash":"28186aab130af64b2d59e6ce592d5e66b2652da48b7594535c3814ea0f5ee690"},"/home/daffl/Feathers/Kalisio/weacast/packages/core/src/db.js":{"path":"/home/daffl/Feathers/Kalisio/weacast/packages/core/src/db.js","statementMap":{"0":{"start":{"line":3,"column":0},"end":{"line":5,"column":3}},"1":{"start":{"line":6,"column":0},"end":{"line":6,"column":53}},"2":{"start":{"line":8,"column":15},"end":{"line":8,"column":33}},"3":{"start":{"line":10,"column":14},"end":{"line":10,"column":31}},"4":{"start":{"line":12,"column":15},"end":{"line":12,"column":46}},"5":{"start":{"line":14,"column":15},"end":{"line":14,"column":33}},"6":{"start":{"line":16,"column":16},"end":{"line":16,"column":48}},"7":{"start":{"line":18,"column":13},"end":{"line":18,"column":29}},"8":{"start":{"line":20,"column":14},"end":{"line":20,"column":44}},"9":{"start":{"line":22,"column":14},"end":{"line":22,"column":43}},"10":{"start":{"line":24,"column":15},"end":{"line":24,"column":46}},"11":{"start":{"line":26,"column":39},"end":{"line":26,"column":93}},"12":{"start":{"line":28,"column":33},"end":{"line":28,"column":456}},"13":{"start":{"line":28,"column":64},"end":{"line":28,"column":89}},"14":{"start":{"line":28,"column":91},"end":{"line":28,"column":453}},"15":{"start":{"line":28,"column":165},"end":{"line":28,"column":263}},"16":{"start":{"line":28,"column":182},"end":{"line":28,"column":195}},"17":{"start":{"line":28,"column":209},"end":{"line":28,"column":219}},"18":{"start":{"line":28,"column":239},"end":{"line":28,"column":253}},"19":{"start":{"line":28,"column":254},"end":{"line":28,"column":261}},"20":{"start":{"line":28,"column":264},"end":{"line":28,"column":426}},"21":{"start":{"line":28,"column":281},"end":{"line":28,"column":296}},"22":{"start":{"line":28,"column":306},"end":{"line":28,"column":424}},"23":{"start":{"line":28,"column":360},"end":{"line":28,"column":380}},"24":{"start":{"line":28,"column":401},"end":{"line":28,"column":420}},"25":{"start":{"line":28,"column":429},"end":{"line":28,"column":449}},"26":{"start":{"line":30,"column":14},"end":{"line":30,"column":61}},"27":{"start":{"line":34,"column":4},"end":{"line":39,"column":5}},"28":{"start":{"line":35,"column":6},"end":{"line":35,"column":21}},"29":{"start":{"line":36,"column":6},"end":{"line":36,"column":44}},"30":{"start":{"line":38,"column":6},"end":{"line":38,"column":107}},"31":{"start":{"line":40,"column":4},"end":{"line":40,"column":34}},"32":{"start":{"line":44,"column":4},"end":{"line":44,"column":25}},"33":{"start":{"line":48,"column":4},"end":{"line":51,"column":9}},"34":{"start":{"line":50,"column":6},"end":{"line":50,"column":18}},"35":{"start":{"line":57,"column":4},"end":{"line":57,"column":48}},"36":{"start":{"line":61,"column":4},"end":{"line":65,"column":5}},"37":{"start":{"line":64,"column":8},"end":{"line":64,"column":38}},"38":{"start":{"line":69,"column":0},"end":{"line":69,"column":28}},"39":{"start":{"line":72,"column":4},"end":{"line":72,"column":15}},"40":{"start":{"line":73,"column":4},"end":{"line":80,"column":5}},"41":{"start":{"line":75,"column":6},"end":{"line":75,"column":38}},"42":{"start":{"line":77,"column":6},"end":{"line":77,"column":58}},"43":{"start":{"line":79,"column":6},"end":{"line":79,"column":100}},"44":{"start":{"line":86,"column":26},"end":{"line":86,"column":50}},"45":{"start":{"line":87,"column":27},"end":{"line":87,"column":43}},"46":{"start":{"line":88,"column":4},"end":{"line":88,"column":128}},"47":{"start":{"line":88,"column":31},"end":{"line":88,"column":69}},"48":{"start":{"line":88,"column":74},"end":{"line":88,"column":128}},"49":{"start":{"line":90,"column":4},"end":{"line":90,"column":18}},"50":{"start":{"line":94,"column":16},"end":{"line":94,"column":20}},"51":{"start":{"line":96,"column":4},"end":{"line":120,"column":9}},"52":{"start":{"line":97,"column":6},"end":{"line":119,"column":7}},"53":{"start":{"line":99,"column":8},"end":{"line":99,"column":73}},"54":{"start":{"line":100,"column":8},"end":{"line":100,"column":77}},"55":{"start":{"line":101,"column":8},"end":{"line":101,"column":58}},"56":{"start":{"line":103,"column":8},"end":{"line":103,"column":28}},"57":{"start":{"line":104,"column":8},"end":{"line":104,"column":24}},"58":{"start":{"line":105,"column":8},"end":{"line":114,"column":9}},"59":{"start":{"line":106,"column":26},"end":{"line":106,"column":67}},"60":{"start":{"line":107,"column":10},"end":{"line":112,"column":11}},"61":{"start":{"line":107,"column":23},"end":{"line":107,"column":24}},"62":{"start":{"line":108,"column":27},"end":{"line":108,"column":37}},"63":{"start":{"line":109,"column":26},"end":{"line":109,"column":52}},"64":{"start":{"line":110,"column":12},"end":{"line":110,"column":79}},"65":{"start":{"line":111,"column":12},"end":{"line":111,"column":92}},"66":{"start":{"line":113,"column":10},"end":{"line":113,"column":64}},"67":{"start":{"line":115,"column":8},"end":{"line":115,"column":25}},"68":{"start":{"line":117,"column":8},"end":{"line":117,"column":130}},"69":{"start":{"line":118,"column":8},"end":{"line":118,"column":20}},"70":{"start":{"line":124,"column":17},"end":{"line":124,"column":21}},"71":{"start":{"line":126,"column":4},"end":{"line":145,"column":9}},"72":{"start":{"line":127,"column":6},"end":{"line":144,"column":7}},"73":{"start":{"line":128,"column":8},"end":{"line":128,"column":37}},"74":{"start":{"line":129,"column":8},"end":{"line":129,"column":64}},"75":{"start":{"line":130,"column":8},"end":{"line":130,"column":30}},"76":{"start":{"line":131,"column":8},"end":{"line":131,"column":26}},"77":{"start":{"line":132,"column":8},"end":{"line":140,"column":9}},"78":{"start":{"line":133,"column":26},"end":{"line":133,"column":66}},"79":{"start":{"line":134,"column":10},"end":{"line":136,"column":11}},"80":{"start":{"line":134,"column":23},"end":{"line":134,"column":24}},"81":{"start":{"line":135,"column":12},"end":{"line":135,"column":37}},"82":{"start":{"line":137,"column":10},"end":{"line":137,"column":31}},"83":{"start":{"line":138,"column":10},"end":{"line":138,"column":27}},"84":{"start":{"line":139,"column":10},"end":{"line":139,"column":70}},"85":{"start":{"line":142,"column":8},"end":{"line":142,"column":103}},"86":{"start":{"line":143,"column":8},"end":{"line":143,"column":20}},"87":{"start":{"line":149,"column":4},"end":{"line":149,"column":49}},"88":{"start":{"line":153,"column":4},"end":{"line":156,"column":5}},"89":{"start":{"line":155,"column":6},"end":{"line":155,"column":68}},"90":{"start":{"line":157,"column":4},"end":{"line":157,"column":39}},"91":{"start":{"line":160,"column":0},"end":{"line":160,"column":38}}},"fnMap":{"0":{"name":"_interopRequireDefault","decl":{"start":{"line":26,"column":9},"end":{"line":26,"column":31}},"loc":{"start":{"line":26,"column":37},"end":{"line":26,"column":95}},"line":26},"1":{"name":"_asyncToGenerator","decl":{"start":{"line":28,"column":9},"end":{"line":28,"column":26}},"loc":{"start":{"line":28,"column":31},"end":{"line":28,"column":458}},"line":28},"2":{"name":"(anonymous_2)","decl":{"start":{"line":28,"column":40},"end":{"line":28,"column":41}},"loc":{"start":{"line":28,"column":52},"end":{"line":28,"column":455}},"line":28},"3":{"name":"(anonymous_3)","decl":{"start":{"line":28,"column":110},"end":{"line":28,"column":111}},"loc":{"start":{"line":28,"column":137},"end":{"line":28,"column":451}},"line":28},"4":{"name":"step","decl":{"start":{"line":28,"column":148},"end":{"line":28,"column":152}},"loc":{"start":{"line":28,"column":163},"end":{"line":28,"column":428}},"line":28},"5":{"name":"(anonymous_5)","decl":{"start":{"line":28,"column":341},"end":{"line":28,"column":342}},"loc":{"start":{"line":28,"column":358},"end":{"line":28,"column":382}},"line":28},"6":{"name":"(anonymous_6)","decl":{"start":{"line":28,"column":384},"end":{"line":28,"column":385}},"loc":{"start":{"line":28,"column":399},"end":{"line":28,"column":422}},"line":28},"7":{"name":"(anonymous_7)","decl":{"start":{"line":33,"column":2},"end":{"line":33,"column":3}},"loc":{"start":{"line":33,"column":19},"end":{"line":41,"column":3}},"line":33},"8":{"name":"(anonymous_8)","decl":{"start":{"line":43,"column":2},"end":{"line":43,"column":3}},"loc":{"start":{"line":43,"column":16},"end":{"line":45,"column":3}},"line":43},"9":{"name":"(anonymous_9)","decl":{"start":{"line":47,"column":2},"end":{"line":47,"column":3}},"loc":{"start":{"line":47,"column":12},"end":{"line":52,"column":3}},"line":47},"10":{"name":"(anonymous_10)","decl":{"start":{"line":48,"column":29},"end":{"line":48,"column":30}},"loc":{"start":{"line":48,"column":42},"end":{"line":51,"column":5}},"line":48},"11":{"name":"(anonymous_11)","decl":{"start":{"line":54,"column":2},"end":{"line":54,"column":3}},"loc":{"start":{"line":54,"column":15},"end":{"line":58,"column":3}},"line":54},"12":{"name":"(anonymous_12)","decl":{"start":{"line":57,"column":29},"end":{"line":57,"column":30}},"loc":{"start":{"line":57,"column":42},"end":{"line":57,"column":44}},"line":57},"13":{"name":"(anonymous_13)","decl":{"start":{"line":60,"column":2},"end":{"line":60,"column":3}},"loc":{"start":{"line":60,"column":21},"end":{"line":66,"column":3}},"line":60},"14":{"name":"(anonymous_14)","decl":{"start":{"line":71,"column":2},"end":{"line":71,"column":3}},"loc":{"start":{"line":71,"column":19},"end":{"line":81,"column":3}},"line":71},"15":{"name":"(anonymous_15)","decl":{"start":{"line":83,"column":2},"end":{"line":83,"column":3}},"loc":{"start":{"line":83,"column":20},"end":{"line":91,"column":3}},"line":83},"16":{"name":"(anonymous_16)","decl":{"start":{"line":93,"column":2},"end":{"line":93,"column":3}},"loc":{"start":{"line":93,"column":12},"end":{"line":121,"column":3}},"line":93},"17":{"name":"(anonymous_17)","decl":{"start":{"line":96,"column":29},"end":{"line":96,"column":30}},"loc":{"start":{"line":96,"column":42},"end":{"line":120,"column":5}},"line":96},"18":{"name":"(anonymous_18)","decl":{"start":{"line":123,"column":2},"end":{"line":123,"column":3}},"loc":{"start":{"line":123,"column":15},"end":{"line":146,"column":3}},"line":123},"19":{"name":"(anonymous_19)","decl":{"start":{"line":126,"column":29},"end":{"line":126,"column":30}},"loc":{"start":{"line":126,"column":42},"end":{"line":145,"column":5}},"line":126},"20":{"name":"(anonymous_20)","decl":{"start":{"line":148,"column":2},"end":{"line":148,"column":3}},"loc":{"start":{"line":148,"column":13},"end":{"line":150,"column":3}},"line":148},"21":{"name":"(anonymous_21)","decl":{"start":{"line":152,"column":2},"end":{"line":152,"column":3}},"loc":{"start":{"line":152,"column":27},"end":{"line":158,"column":3}},"line":152}},"branchMap":{"0":{"loc":{"start":{"line":26,"column":46},"end":{"line":26,"column":92}},"type":"cond-expr","locations":[{"start":{"line":26,"column":70},"end":{"line":26,"column":73}},{"start":{"line":26,"column":76},"end":{"line":26,"column":92}}],"line":26},"1":{"loc":{"start":{"line":26,"column":46},"end":{"line":26,"column":67}},"type":"binary-expr","locations":[{"start":{"line":26,"column":46},"end":{"line":26,"column":49}},{"start":{"line":26,"column":53},"end":{"line":26,"column":67}}],"line":26},"2":{"loc":{"start":{"line":28,"column":264},"end":{"line":28,"column":426}},"type":"if","locations":[{"start":{"line":28,"column":264},"end":{"line":28,"column":426}},{"start":{"line":28,"column":264},"end":{"line":28,"column":426}}],"line":28},"3":{"loc":{"start":{"line":61,"column":4},"end":{"line":65,"column":5}},"type":"switch","locations":[{"start":{"line":62,"column":6},"end":{"line":62,"column":21}},{"start":{"line":63,"column":6},"end":{"line":64,"column":38}}],"line":61},"4":{"loc":{"start":{"line":77,"column":26},"end":{"line":77,"column":57}},"type":"binary-expr","locations":[{"start":{"line":77,"column":26},"end":{"line":77,"column":51}},{"start":{"line":77,"column":55},"end":{"line":77,"column":57}}],"line":77},"5":{"loc":{"start":{"line":88,"column":4},"end":{"line":88,"column":128}},"type":"if","locations":[{"start":{"line":88,"column":4},"end":{"line":88,"column":128}},{"start":{"line":88,"column":4},"end":{"line":88,"column":128}}],"line":88},"6":{"loc":{"start":{"line":105,"column":8},"end":{"line":114,"column":9}},"type":"if","locations":[{"start":{"line":105,"column":8},"end":{"line":114,"column":9}},{"start":{"line":105,"column":8},"end":{"line":114,"column":9}}],"line":105},"7":{"loc":{"start":{"line":132,"column":8},"end":{"line":140,"column":9}},"type":"if","locations":[{"start":{"line":132,"column":8},"end":{"line":140,"column":9}},{"start":{"line":132,"column":8},"end":{"line":140,"column":9}}],"line":132},"8":{"loc":{"start":{"line":149,"column":11},"end":{"line":149,"column":48}},"type":"cond-expr","locations":[{"start":{"line":149,"column":20},"end":{"line":149,"column":37}},{"start":{"line":149,"column":40},"end":{"line":149,"column":48}}],"line":149},"9":{"loc":{"start":{"line":153,"column":4},"end":{"line":156,"column":5}},"type":"if","locations":[{"start":{"line":153,"column":4},"end":{"line":156,"column":5}},{"start":{"line":153,"column":4},"end":{"line":156,"column":5}}],"line":153}},"s":{"0":1,"1":1,"2":1,"3":1,"4":1,"5":1,"6":1,"7":1,"8":1,"9":1,"10":1,"11":4,"12":2,"13":2,"14":2,"15":10,"16":10,"17":10,"18":0,"19":0,"20":10,"21":2,"22":8,"23":8,"24":0,"25":2,"26":1,"27":2,"28":2,"29":2,"30":0,"31":2,"32":14,"33":0,"34":0,"35":0,"36":2,"37":2,"38":1,"39":2,"40":2,"41":2,"42":2,"43":0,"44":4,"45":4,"46":4,"47":4,"48":0,"49":4,"50":2,"51":2,"52":2,"53":2,"54":2,"55":2,"56":2,"57":2,"58":2,"59":2,"60":2,"61":2,"62":2,"63":2,"64":2,"65":2,"66":2,"67":2,"68":0,"69":0,"70":0,"71":0,"72":0,"73":0,"74":0,"75":0,"76":0,"77":0,"78":0,"79":0,"80":0,"81":0,"82":0,"83":0,"84":0,"85":0,"86":0,"87":8,"88":15,"89":7,"90":15,"91":1},"f":{"0":4,"1":2,"2":2,"3":2,"4":10,"5":8,"6":0,"7":2,"8":14,"9":0,"10":0,"11":0,"12":0,"13":2,"14":2,"15":4,"16":2,"17":2,"18":0,"19":0,"20":8,"21":15},"b":{"0":[1,3],"1":[4,4],"2":[2,8],"3":[2,2],"4":[2,0],"5":[4,0],"6":[2,0],"7":[0,0],"8":[6,2],"9":[7,8]},"inputSourceMap":{"version":3,"sources":["db.js"],"names":["debug","Database","constructor","app","_adapter","get","adapter","error","errors","GeneralError","_collections","Map","connect","disconnect","create","MongoDatabase","_dbUrl","url","_secondaries","secondaries","connectionDb","dbName","indexOfDBName","lastIndexOf","indexOfOptions","indexOf","substring","_client","MongoClient","_db","db","_clients","_dbs","dbNames","_","keys","i","length","dbUrl","logger","close","clients","values","collection","name","has","set"],"mappings":";;;;;;;AAAA;;AACA;;;;AACA;;;;AACA;;;;AACA;;;;;;;;AAEA,MAAMA,QAAQ,qBAAU,yBAAV,CAAd;;AAEO,MAAMC,QAAN,CAAe;AACpBC,cAAaC,GAAb,EAAkB;AAChB,QAAI;AACF,WAAKA,GAAL,GAAWA,GAAX;AACA,WAAKC,QAAL,GAAgBD,IAAIE,GAAJ,CAAQ,IAAR,EAAcC,OAA9B;AACD,KAHD,CAGE,OAAOC,KAAP,EAAc;AACd,YAAM,IAAIC,iBAAOC,YAAX,CAAwB,2DAAxB,CAAN;AACD;AACD,SAAKC,YAAL,GAAoB,IAAIC,GAAJ,EAApB;AACD;;AAED,MAAIL,OAAJ,GAAe;AACb,WAAO,KAAKF,QAAZ;AACD;;AAEKQ,SAAN,GAAiB;AAAA;AACf;AACA,aAAO,IAAP;AAFe;AAGhB;;AAEKC,YAAN,GAAoB;AAClB;;AADkB;AAEnB;;AAED,SAAOC,MAAP,CAAeX,GAAf,EAAoB;AAClB,YAAQA,IAAIE,GAAJ,CAAQ,IAAR,EAAcC,OAAtB;AACE,WAAK,SAAL;AACA;AACE,eAAO,IAAIS,aAAJ,CAAkBZ,GAAlB,CAAP;AAHJ;AAKD;AA9BmB;;QAATF,Q,GAAAA,Q;AAiCN,MAAMc,aAAN,SAA4Bd,QAA5B,CAAqC;AAC1CC,cAAaC,GAAb,EAAkB;AAChB,UAAMA,GAAN;AACA,QAAI;AACF;AACA,WAAKa,MAAL,GAAcb,IAAIE,GAAJ,CAAQ,IAAR,EAAcY,GAA5B;AACA;AACA,WAAKC,YAAL,GAAoBf,IAAIE,GAAJ,CAAQ,IAAR,EAAcc,WAAd,IAA6B,EAAjD;AACD,KALD,CAKE,OAAOZ,KAAP,EAAc;AACd,YAAM,IAAIC,iBAAOC,YAAX,CAAwB,oDAAxB,CAAN;AACD;AACF;;AAEDW,eAAcH,GAAd,EAAmB;AACjB;AACA,QAAII,MAAJ;AACA,UAAMC,gBAAgBL,IAAIM,WAAJ,CAAgB,GAAhB,IAAuB,CAA7C;AACA,UAAMC,iBAAiBP,IAAIQ,OAAJ,CAAY,GAAZ,CAAvB;AACA,QAAID,mBAAmB,CAAC,CAAxB,EAA2BH,SAASJ,IAAIS,SAAJ,CAAcJ,aAAd,CAAT,CAA3B,KACKD,SAASJ,IAAIS,SAAJ,CAAcJ,aAAd,EAA6BE,cAA7B,CAAT;;AAEL,WAAOH,MAAP;AACD;;AAEKT,SAAN,GAAiB;AAAA;;AAAA;AACf,UAAI;AACF;AACA,cAAKe,OAAL,GAAe,MAAMC,qBAAYhB,OAAZ,CAAoB,MAAKI,MAAzB,CAArB;AACA,cAAKa,GAAL,GAAW,MAAM,MAAKF,OAAL,CAAaG,EAAb,CAAgB,MAAKV,YAAL,CAAkB,MAAKJ,MAAvB,CAAhB,CAAjB;AACAhB,cAAM,6BAA6B,MAAKM,OAAxC;AACA;AACA,cAAKyB,QAAL,GAAgB,EAAhB;AACA,cAAKC,IAAL,GAAY,EAAZ;AACA,YAAI,MAAKd,YAAT,EAAuB;AACrB,gBAAMe,UAAUC,iBAAEC,IAAF,CAAO,MAAKjB,YAAZ,CAAhB;AACA,eAAK,IAAIkB,IAAI,CAAb,EAAgBA,IAAIH,QAAQI,MAA5B,EAAoCD,GAApC,EAAyC;AACvC,kBAAMf,SAASY,QAAQG,CAAR,CAAf;AACA,kBAAME,QAAQ,MAAKpB,YAAL,CAAkBG,MAAlB,CAAd;AACA,kBAAKU,QAAL,CAAcV,MAAd,IAAwB,MAAMO,qBAAYhB,OAAZ,CAAoB0B,KAApB,CAA9B;AACA,kBAAKN,IAAL,CAAUX,MAAV,IAAoB,MAAM,MAAKU,QAAL,CAAcV,MAAd,EAAsBS,EAAtB,CAAyB,MAAKV,YAAL,CAAkBkB,KAAlB,CAAzB,CAA1B;AACD;AACDtC,gBAAM,iCAAiC,MAAKM,OAA5C;AACD;AACD,eAAO,MAAKuB,GAAZ;AACD,OAnBD,CAmBE,OAAOtB,KAAP,EAAc;AACdgC,0BAAOhC,KAAP,CAAa,0BAA0B,MAAKD,OAA/B,GAAyC,+CAAtD,EAAuGC,KAAvG;AACA,cAAMA,KAAN;AACD;AAvBc;AAwBhB;;AAEKM,YAAN,GAAoB;AAAA;;AAAA;AAClB,UAAI;AACF,cAAM,OAAKc,OAAL,CAAaa,KAAb,EAAN;AACAxC,cAAM,kCAAkC,OAAKM,OAA7C;AACA,eAAKqB,OAAL,GAAe,IAAf;AACA,eAAKE,GAAL,GAAW,IAAX;AACA,YAAI,OAAKX,YAAT,EAAuB;AACrB,gBAAMuB,UAAUP,iBAAEQ,MAAF,CAAS,OAAKX,QAAd,CAAhB;AACA,eAAK,IAAIK,IAAI,CAAb,EAAgBA,IAAIK,QAAQJ,MAA5B,EAAoCD,GAApC,EAAyC;AACvC,kBAAMK,QAAQL,CAAR,EAAWI,KAAX,EAAN;AACD;AACD,iBAAKT,QAAL,GAAgB,EAAhB;AACA,iBAAKC,IAAL,GAAY,EAAZ;AACAhC,gBAAM,sCAAsC,OAAKM,OAAjD;AACD;AACF,OAdD,CAcE,OAAOC,KAAP,EAAc;AACdgC,0BAAOhC,KAAP,CAAa,+BAA+B,OAAKD,OAApC,GAA8C,cAA3D,EAA2EC,KAA3E;AACA,cAAMA,KAAN;AACD;AAlBiB;AAmBnB;;AAEDuB,KAAIT,MAAJ,EAAY;AACV,WAAQA,SAAS,KAAKW,IAAL,CAAUX,MAAV,CAAT,GAA6B,KAAKQ,GAA1C;AACD;;AAEDc,aAAYC,IAAZ,EAAkBvB,MAAlB,EAA0B;AACxB,QAAI,CAAC,KAAKX,YAAL,CAAkBmC,GAAlB,CAAsBD,IAAtB,CAAL,EAAkC;AAChC;AACA,WAAKlC,YAAL,CAAkBoC,GAAlB,CAAsBF,IAAtB,EAA4B,KAAKd,EAAL,CAAQT,MAAR,EAAgBsB,UAAhB,CAA2BC,IAA3B,CAA5B;AACD;AACD,WAAO,KAAKlC,YAAL,CAAkBL,GAAlB,CAAsBuC,IAAtB,CAAP;AACD;AAjFyC;QAA/B7B,a,GAAAA,a","file":"db.js","sourceRoot":"/home/daffl/Feathers/Kalisio/weacast/packages/core/src","sourcesContent":["import { MongoClient } from 'mongodb'\nimport _ from 'lodash'\nimport logger from 'winston'\nimport makeDebug from 'debug'\nimport errors from '@feathersjs/errors'\n\nconst debug = makeDebug('weacast:weacast-core:db')\n\nexport class Database {\n  constructor (app) {\n    try {\n      this.app = app\n      this._adapter = app.get('db').adapter\n    } catch (error) {\n      throw new errors.GeneralError('Cannot find database adapter configuration in application')\n    }\n    this._collections = new Map()\n  }\n\n  get adapter () {\n    return this._adapter\n  }\n\n  async connect () {\n    // Default implementation\n    return null\n  }\n\n  async disconnect () {\n    // Default implementation\n  }\n\n  static create (app) {\n    switch (app.get('db').adapter) {\n      case 'mongodb':\n      default:\n        return new MongoDatabase(app)\n    }\n  }\n}\n\nexport class MongoDatabase extends Database {\n  constructor (app) {\n    super(app)\n    try {\n      // Primary DB\n      this._dbUrl = app.get('db').url\n      // Secondaries if any\n      this._secondaries = app.get('db').secondaries || {}\n    } catch (error) {\n      throw new errors.GeneralError('Cannot find database connection URL in application')\n    }\n  }\n\n  connectionDb (url) {\n    // Extract database name from url. Need to remove the connections options if any\n    let dbName\n    const indexOfDBName = url.lastIndexOf('/') + 1\n    const indexOfOptions = url.indexOf('?')\n    if (indexOfOptions === -1) dbName = url.substring(indexOfDBName)\n    else dbName = url.substring(indexOfDBName, indexOfOptions)\n\n    return dbName\n  }\n\n  async connect () {\n    try {\n      // Connect to primary\n      this._client = await MongoClient.connect(this._dbUrl)\n      this._db = await this._client.db(this.connectionDb(this._dbUrl))\n      debug('Connected to primary DB ' + this.adapter)\n      // Then secondaries if any\n      this._clients = {}\n      this._dbs = {}\n      if (this._secondaries) {\n        const dbNames = _.keys(this._secondaries)\n        for (let i = 0; i < dbNames.length; i++) {\n          const dbName = dbNames[i]\n          const dbUrl = this._secondaries[dbName]\n          this._clients[dbName] = await MongoClient.connect(dbUrl)\n          this._dbs[dbName] = await this._clients[dbName].db(this.connectionDb(dbUrl))\n        }\n        debug('Connected to secondaries DB ' + this.adapter)\n      }\n      return this._db\n    } catch (error) {\n      logger.error('Could not connect to ' + this.adapter + ' database(s), please check your configuration', error)\n      throw error\n    }\n  }\n\n  async disconnect () {\n    try {\n      await this._client.close()\n      debug('Disconnected from primary DB ' + this.adapter)\n      this._client = null\n      this._db = null\n      if (this._secondaries) {\n        const clients = _.values(this._clients)\n        for (let i = 0; i < clients.length; i++) {\n          await clients[i].close()\n        }\n        this._clients = {}\n        this._dbs = {}\n        debug('Disconnected from secondaries DB ' + this.adapter)\n      }\n    } catch (error) {\n      logger.error('Could not disconnect from ' + this.adapter + ' database(s)', error)\n      throw error\n    }\n  }\n\n  db (dbName) {\n    return (dbName ? this._dbs[dbName] : this._db)\n  }\n\n  collection (name, dbName) {\n    if (!this._collections.has(name)) {\n      // Get collection from secondary or primary DB\n      this._collections.set(name, this.db(dbName).collection(name))\n    }\n    return this._collections.get(name)\n  }\n}\n"]},"_coverageSchema":"1a1c01bbd47fc00a2c39e90264f33305004495a9","hash":"9960b0377963ccbf7d77799e414e3f9d4f67acaf","contentHash":"4e78d09fd86a3cf736c4ea2b2f0596c657ab96a68e3f921bc2a536e0f9ef1ccc"},"/home/daffl/Feathers/Kalisio/weacast/packages/core/src/common/index.js":{"path":"/home/daffl/Feathers/Kalisio/weacast/packages/core/src/common/index.js","statementMap":{"0":{"start":{"line":3,"column":0},"end":{"line":5,"column":3}},"1":{"start":{"line":7,"column":12},"end":{"line":7,"column":29}},"2":{"start":{"line":9,"column":0},"end":{"line":17,"column":3}},"3":{"start":{"line":10,"column":2},"end":{"line":10,"column":56}},"4":{"start":{"line":10,"column":49},"end":{"line":10,"column":56}},"5":{"start":{"line":11,"column":2},"end":{"line":16,"column":5}},"6":{"start":{"line":14,"column":6},"end":{"line":14,"column":24}},"7":{"start":{"line":19,"column":13},"end":{"line":19,"column":31}},"8":{"start":{"line":21,"column":0},"end":{"line":29,"column":3}},"9":{"start":{"line":22,"column":2},"end":{"line":22,"column":56}},"10":{"start":{"line":22,"column":49},"end":{"line":22,"column":56}},"11":{"start":{"line":23,"column":2},"end":{"line":28,"column":5}},"12":{"start":{"line":26,"column":6},"end":{"line":26,"column":25}}},"fnMap":{"0":{"name":"(anonymous_0)","decl":{"start":{"line":9,"column":27},"end":{"line":9,"column":28}},"loc":{"start":{"line":9,"column":42},"end":{"line":17,"column":1}},"line":9},"1":{"name":"(anonymous_1)","decl":{"start":{"line":13,"column":9},"end":{"line":13,"column":10}},"loc":{"start":{"line":13,"column":21},"end":{"line":15,"column":5}},"line":13},"2":{"name":"(anonymous_2)","decl":{"start":{"line":21,"column":28},"end":{"line":21,"column":29}},"loc":{"start":{"line":21,"column":43},"end":{"line":29,"column":1}},"line":21},"3":{"name":"(anonymous_3)","decl":{"start":{"line":25,"column":9},"end":{"line":25,"column":10}},"loc":{"start":{"line":25,"column":21},"end":{"line":27,"column":5}},"line":25}},"branchMap":{"0":{"loc":{"start":{"line":10,"column":2},"end":{"line":10,"column":56}},"type":"if","locations":[{"start":{"line":10,"column":2},"end":{"line":10,"column":56}},{"start":{"line":10,"column":2},"end":{"line":10,"column":56}}],"line":10},"1":{"loc":{"start":{"line":10,"column":6},"end":{"line":10,"column":47}},"type":"binary-expr","locations":[{"start":{"line":10,"column":6},"end":{"line":10,"column":23}},{"start":{"line":10,"column":27},"end":{"line":10,"column":47}}],"line":10},"2":{"loc":{"start":{"line":22,"column":2},"end":{"line":22,"column":56}},"type":"if","locations":[{"start":{"line":22,"column":2},"end":{"line":22,"column":56}},{"start":{"line":22,"column":2},"end":{"line":22,"column":56}}],"line":22},"3":{"loc":{"start":{"line":22,"column":6},"end":{"line":22,"column":47}},"type":"binary-expr","locations":[{"start":{"line":22,"column":6},"end":{"line":22,"column":23}},{"start":{"line":22,"column":27},"end":{"line":22,"column":47}}],"line":22}},"s":{"0":1,"1":1,"2":1,"3":1,"4":0,"5":1,"6":3,"7":1,"8":1,"9":3,"10":0,"11":3,"12":25},"f":{"0":1,"1":3,"2":3,"3":25},"b":{"0":[0,1],"1":[1,1],"2":[0,3],"3":[3,3]},"inputSourceMap":{"version":3,"sources":["index.js"],"names":[],"mappings":";;;;;;;;AAAA;AAAA;AAAA;AAAA;AAAA;AAAA;AAAA;AAAA;AAAA;;;;AACA;AAAA;AAAA;AAAA;AAAA;AAAA;AAAA;AAAA;AAAA","file":"index.js","sourceRoot":"/home/daffl/Feathers/Kalisio/weacast/packages/core/src/common","sourcesContent":["export * from './grid'\nexport * from './utils'\n"]},"_coverageSchema":"1a1c01bbd47fc00a2c39e90264f33305004495a9","hash":"a996b7ad4626eac32c82c9ca387523a318938cd9","contentHash":"51fa7a43df8af7c63250199492ffcd3f6c93a42aa32e8136f2e381b8a2910c2d"},"/home/daffl/Feathers/Kalisio/weacast/packages/core/src/common/grid.js":{"path":"/home/daffl/Feathers/Kalisio/weacast/packages/core/src/common/grid.js","statementMap":{"0":{"start":{"line":3,"column":0},"end":{"line":5,"column":3}},"1":{"start":{"line":10,"column":2},"end":{"line":10,"column":39}},"2":{"start":{"line":18,"column":2},"end":{"line":18,"column":35}},"3":{"start":{"line":25,"column":2},"end":{"line":25,"column":41}},"4":{"start":{"line":35,"column":23},"end":{"line":35,"column":122}},"5":{"start":{"line":37,"column":2},"end":{"line":37,"column":62}},"6":{"start":{"line":45,"column":2},"end":{"line":52,"column":3}},"7":{"start":{"line":46,"column":4},"end":{"line":46,"column":39}},"8":{"start":{"line":47,"column":9},"end":{"line":52,"column":3}},"9":{"start":{"line":49,"column":4},"end":{"line":49,"column":37}},"10":{"start":{"line":51,"column":4},"end":{"line":51,"column":15}},"11":{"start":{"line":59,"column":4},"end":{"line":59,"column":33}},"12":{"start":{"line":62,"column":4},"end":{"line":62,"column":67}},"13":{"start":{"line":63,"column":4},"end":{"line":63,"column":67}},"14":{"start":{"line":65,"column":4},"end":{"line":65,"column":77}},"15":{"start":{"line":69,"column":4},"end":{"line":69,"column":29}},"16":{"start":{"line":69,"column":20},"end":{"line":69,"column":29}},"17":{"start":{"line":70,"column":4},"end":{"line":76,"column":5}},"18":{"start":{"line":71,"column":6},"end":{"line":75,"column":7}},"19":{"start":{"line":72,"column":8},"end":{"line":72,"column":31}},"20":{"start":{"line":74,"column":8},"end":{"line":74,"column":25}},"21":{"start":{"line":77,"column":18},"end":{"line":77,"column":38}},"22":{"start":{"line":78,"column":4},"end":{"line":82,"column":5}},"23":{"start":{"line":79,"column":6},"end":{"line":79,"column":30}},"24":{"start":{"line":81,"column":6},"end":{"line":81,"column":23}},"25":{"start":{"line":87,"column":4},"end":{"line":87,"column":42}},"26":{"start":{"line":89,"column":4},"end":{"line":89,"column":59}},"27":{"start":{"line":89,"column":42},"end":{"line":89,"column":59}},"28":{"start":{"line":91,"column":14},"end":{"line":91,"column":90}},"29":{"start":{"line":92,"column":15},"end":{"line":92,"column":28}},"30":{"start":{"line":93,"column":14},"end":{"line":93,"column":77}},"31":{"start":{"line":94,"column":15},"end":{"line":94,"column":28}},"32":{"start":{"line":96,"column":4},"end":{"line":96,"column":26}},"33":{"start":{"line":101,"column":15},"end":{"line":101,"column":20}},"34":{"start":{"line":102,"column":15},"end":{"line":102,"column":20}},"35":{"start":{"line":103,"column":14},"end":{"line":103,"column":21}},"36":{"start":{"line":104,"column":14},"end":{"line":104,"column":20}},"37":{"start":{"line":105,"column":14},"end":{"line":105,"column":20}},"38":{"start":{"line":106,"column":14},"end":{"line":106,"column":19}},"39":{"start":{"line":107,"column":4},"end":{"line":107,"column":49}},"40":{"start":{"line":117,"column":4},"end":{"line":117,"column":37}},"41":{"start":{"line":117,"column":20},"end":{"line":117,"column":37}},"42":{"start":{"line":118,"column":20},"end":{"line":118,"column":45}},"43":{"start":{"line":120,"column":4},"end":{"line":120,"column":48}},"44":{"start":{"line":120,"column":31},"end":{"line":120,"column":48}},"45":{"start":{"line":121,"column":27},"end":{"line":121,"column":34}},"46":{"start":{"line":123,"column":13},"end":{"line":123,"column":19}},"47":{"start":{"line":125,"column":4},"end":{"line":127,"column":5}},"48":{"start":{"line":126,"column":6},"end":{"line":126,"column":13}},"49":{"start":{"line":128,"column":4},"end":{"line":128,"column":40}},"50":{"start":{"line":129,"column":15},"end":{"line":129,"column":49}},"51":{"start":{"line":131,"column":16},"end":{"line":131,"column":37}},"52":{"start":{"line":132,"column":16},"end":{"line":132,"column":37}},"53":{"start":{"line":133,"column":16},"end":{"line":133,"column":37}},"54":{"start":{"line":134,"column":16},"end":{"line":134,"column":37}},"55":{"start":{"line":137,"column":4},"end":{"line":141,"column":5}},"56":{"start":{"line":138,"column":6},"end":{"line":138,"column":74}},"57":{"start":{"line":140,"column":6},"end":{"line":140,"column":23}},"58":{"start":{"line":152,"column":17},"end":{"line":152,"column":19}},"59":{"start":{"line":153,"column":4},"end":{"line":160,"column":5}},"60":{"start":{"line":153,"column":17},"end":{"line":153,"column":18}},"61":{"start":{"line":154,"column":6},"end":{"line":159,"column":7}},"62":{"start":{"line":154,"column":19},"end":{"line":154,"column":20}},"63":{"start":{"line":155,"column":20},"end":{"line":155,"column":71}},"64":{"start":{"line":156,"column":20},"end":{"line":156,"column":71}},"65":{"start":{"line":157,"column":22},"end":{"line":157,"column":48}},"66":{"start":{"line":158,"column":8},"end":{"line":158,"column":25}},"67":{"start":{"line":161,"column":4},"end":{"line":161,"column":16}},"68":{"start":{"line":170,"column":22},"end":{"line":170,"column":127}},"69":{"start":{"line":171,"column":22},"end":{"line":171,"column":127}},"70":{"start":{"line":173,"column":24},"end":{"line":173,"column":102}},"71":{"start":{"line":175,"column":21},"end":{"line":175,"column":125}},"72":{"start":{"line":176,"column":27},"end":{"line":176,"column":67}},"73":{"start":{"line":177,"column":4},"end":{"line":177,"column":53}},"74":{"start":{"line":186,"column":54},"end":{"line":186,"column":80}},"75":{"start":{"line":188,"column":17},"end":{"line":188,"column":19}},"76":{"start":{"line":190,"column":4},"end":{"line":221,"column":5}},"77":{"start":{"line":190,"column":17},"end":{"line":190,"column":18}},"78":{"start":{"line":191,"column":6},"end":{"line":220,"column":7}},"79":{"start":{"line":191,"column":19},"end":{"line":191,"column":20}},"80":{"start":{"line":193,"column":27},"end":{"line":193,"column":143}},"81":{"start":{"line":194,"column":25},"end":{"line":194,"column":27}},"82":{"start":{"line":196,"column":8},"end":{"line":203,"column":9}},"83":{"start":{"line":196,"column":22},"end":{"line":196,"column":23}},"84":{"start":{"line":197,"column":10},"end":{"line":202,"column":11}},"85":{"start":{"line":197,"column":24},"end":{"line":197,"column":25}},"86":{"start":{"line":198,"column":24},"end":{"line":198,"column":84}},"87":{"start":{"line":199,"column":24},"end":{"line":199,"column":84}},"88":{"start":{"line":200,"column":26},"end":{"line":200,"column":52}},"89":{"start":{"line":201,"column":12},"end":{"line":201,"column":33}},"90":{"start":{"line":204,"column":21},"end":{"line":204,"column":34}},"91":{"start":{"line":205,"column":21},"end":{"line":205,"column":34}},"92":{"start":{"line":206,"column":21},"end":{"line":206,"column":70}},"93":{"start":{"line":207,"column":21},"end":{"line":207,"column":70}},"94":{"start":{"line":209,"column":8},"end":{"line":209,"column":71}},"95":{"start":{"line":209,"column":35},"end":{"line":209,"column":71}},"96":{"start":{"line":210,"column":8},"end":{"line":210,"column":71}},"97":{"start":{"line":210,"column":35},"end":{"line":210,"column":71}},"98":{"start":{"line":211,"column":8},"end":{"line":219,"column":11}},"99":{"start":{"line":222,"column":4},"end":{"line":222,"column":16}},"100":{"start":{"line":226,"column":43},"end":{"line":226,"column":49}},"101":{"start":{"line":228,"column":4},"end":{"line":228,"column":50}},"102":{"start":{"line":229,"column":4},"end":{"line":229,"column":50}},"103":{"start":{"line":231,"column":4},"end":{"line":239,"column":6}},"104":{"start":{"line":243,"column":4},"end":{"line":243,"column":53}},"105":{"start":{"line":243,"column":36},"end":{"line":243,"column":53}},"106":{"start":{"line":244,"column":19},"end":{"line":244,"column":26}},"107":{"start":{"line":245,"column":19},"end":{"line":245,"column":26}},"108":{"start":{"line":246,"column":4},"end":{"line":249,"column":5}},"109":{"start":{"line":246,"column":17},"end":{"line":246,"column":18}},"110":{"start":{"line":247,"column":6},"end":{"line":247,"column":45}},"111":{"start":{"line":248,"column":6},"end":{"line":248,"column":45}},"112":{"start":{"line":250,"column":4},"end":{"line":250,"column":34}},"113":{"start":{"line":253,"column":0},"end":{"line":253,"column":20}}},"fnMap":{"0":{"name":"isValue","decl":{"start":{"line":9,"column":9},"end":{"line":9,"column":16}},"loc":{"start":{"line":9,"column":20},"end":{"line":11,"column":1}},"line":9},"1":{"name":"floorMod","decl":{"start":{"line":17,"column":9},"end":{"line":17,"column":17}},"loc":{"start":{"line":17,"column":24},"end":{"line":19,"column":1}},"line":17},"2":{"name":"clamp","decl":{"start":{"line":24,"column":9},"end":{"line":24,"column":14}},"loc":{"start":{"line":24,"column":28},"end":{"line":26,"column":1}},"line":24},"3":{"name":"isInside","decl":{"start":{"line":34,"column":9},"end":{"line":34,"column":17}},"loc":{"start":{"line":34,"column":36},"end":{"line":38,"column":1}},"line":34},"4":{"name":"wrapLongitude","decl":{"start":{"line":43,"column":9},"end":{"line":43,"column":22}},"loc":{"start":{"line":43,"column":36},"end":{"line":53,"column":1}},"line":43},"5":{"name":"(anonymous_5)","decl":{"start":{"line":58,"column":2},"end":{"line":58,"column":3}},"loc":{"start":{"line":58,"column":23},"end":{"line":66,"column":3}},"line":58},"6":{"name":"(anonymous_6)","decl":{"start":{"line":68,"column":2},"end":{"line":68,"column":3}},"loc":{"start":{"line":68,"column":17},"end":{"line":83,"column":3}},"line":68},"7":{"name":"(anonymous_7)","decl":{"start":{"line":85,"column":2},"end":{"line":85,"column":3}},"loc":{"start":{"line":85,"column":23},"end":{"line":97,"column":3}},"line":85},"8":{"name":"(anonymous_8)","decl":{"start":{"line":100,"column":2},"end":{"line":100,"column":3}},"loc":{"start":{"line":100,"column":48},"end":{"line":108,"column":3}},"line":100},"9":{"name":"(anonymous_9)","decl":{"start":{"line":116,"column":2},"end":{"line":116,"column":3}},"loc":{"start":{"line":116,"column":24},"end":{"line":142,"column":3}},"line":116},"10":{"name":"(anonymous_10)","decl":{"start":{"line":151,"column":2},"end":{"line":151,"column":3}},"loc":{"start":{"line":151,"column":37},"end":{"line":162,"column":3}},"line":151},"11":{"name":"(anonymous_11)","decl":{"start":{"line":169,"column":2},"end":{"line":169,"column":3}},"loc":{"start":{"line":169,"column":24},"end":{"line":178,"column":3}},"line":169},"12":{"name":"(anonymous_12)","decl":{"start":{"line":185,"column":2},"end":{"line":185,"column":3}},"loc":{"start":{"line":185,"column":22},"end":{"line":223,"column":3}},"line":185},"13":{"name":"(anonymous_13)","decl":{"start":{"line":225,"column":2},"end":{"line":225,"column":3}},"loc":{"start":{"line":225,"column":28},"end":{"line":240,"column":3}},"line":225},"14":{"name":"(anonymous_14)","decl":{"start":{"line":242,"column":2},"end":{"line":242,"column":3}},"loc":{"start":{"line":242,"column":25},"end":{"line":251,"column":3}},"line":242}},"branchMap":{"0":{"loc":{"start":{"line":10,"column":9},"end":{"line":10,"column":38}},"type":"binary-expr","locations":[{"start":{"line":10,"column":9},"end":{"line":10,"column":19}},{"start":{"line":10,"column":23},"end":{"line":10,"column":38}}],"line":10},"1":{"loc":{"start":{"line":35,"column":23},"end":{"line":35,"column":122}},"type":"cond-expr","locations":[{"start":{"line":35,"column":47},"end":{"line":35,"column":83}},{"start":{"line":35,"column":86},"end":{"line":35,"column":122}}],"line":35},"2":{"loc":{"start":{"line":35,"column":47},"end":{"line":35,"column":83}},"type":"binary-expr","locations":[{"start":{"line":35,"column":47},"end":{"line":35,"column":63}},{"start":{"line":35,"column":67},"end":{"line":35,"column":83}}],"line":35},"3":{"loc":{"start":{"line":35,"column":86},"end":{"line":35,"column":122}},"type":"binary-expr","locations":[{"start":{"line":35,"column":86},"end":{"line":35,"column":102}},{"start":{"line":35,"column":106},"end":{"line":35,"column":122}}],"line":35},"4":{"loc":{"start":{"line":37,"column":9},"end":{"line":37,"column":61}},"type":"binary-expr","locations":[{"start":{"line":37,"column":9},"end":{"line":37,"column":25}},{"start":{"line":37,"column":29},"end":{"line":37,"column":45}},{"start":{"line":37,"column":49},"end":{"line":37,"column":61}}],"line":37},"5":{"loc":{"start":{"line":45,"column":2},"end":{"line":52,"column":3}},"type":"if","locations":[{"start":{"line":45,"column":2},"end":{"line":52,"column":3}},{"start":{"line":45,"column":2},"end":{"line":52,"column":3}}],"line":45},"6":{"loc":{"start":{"line":46,"column":11},"end":{"line":46,"column":38}},"type":"cond-expr","locations":[{"start":{"line":46,"column":23},"end":{"line":46,"column":32}},{"start":{"line":46,"column":35},"end":{"line":46,"column":38}}],"line":46},"7":{"loc":{"start":{"line":47,"column":9},"end":{"line":52,"column":3}},"type":"if","locations":[{"start":{"line":47,"column":9},"end":{"line":52,"column":3}},{"start":{"line":47,"column":9},"end":{"line":52,"column":3}}],"line":47},"8":{"loc":{"start":{"line":49,"column":11},"end":{"line":49,"column":36}},"type":"cond-expr","locations":[{"start":{"line":49,"column":21},"end":{"line":49,"column":30}},{"start":{"line":49,"column":33},"end":{"line":49,"column":36}}],"line":49},"9":{"loc":{"start":{"line":62,"column":24},"end":{"line":62,"column":66}},"type":"cond-expr","locations":[{"start":{"line":62,"column":60},"end":{"line":62,"column":61}},{"start":{"line":62,"column":64},"end":{"line":62,"column":66}}],"line":62},"10":{"loc":{"start":{"line":63,"column":24},"end":{"line":63,"column":66}},"type":"cond-expr","locations":[{"start":{"line":63,"column":60},"end":{"line":63,"column":61}},{"start":{"line":63,"column":64},"end":{"line":63,"column":66}}],"line":63},"11":{"loc":{"start":{"line":69,"column":4},"end":{"line":69,"column":29}},"type":"if","locations":[{"start":{"line":69,"column":4},"end":{"line":69,"column":29}},{"start":{"line":69,"column":4},"end":{"line":69,"column":29}}],"line":69},"12":{"loc":{"start":{"line":70,"column":4},"end":{"line":76,"column":5}},"type":"if","locations":[{"start":{"line":70,"column":4},"end":{"line":76,"column":5}},{"start":{"line":70,"column":4},"end":{"line":76,"column":5}}],"line":70},"13":{"loc":{"start":{"line":71,"column":6},"end":{"line":75,"column":7}},"type":"if","locations":[{"start":{"line":71,"column":6},"end":{"line":75,"column":7}},{"start":{"line":71,"column":6},"end":{"line":75,"column":7}}],"line":71},"14":{"loc":{"start":{"line":71,"column":10},"end":{"line":71,"column":46}},"type":"binary-expr","locations":[{"start":{"line":71,"column":10},"end":{"line":71,"column":26}},{"start":{"line":71,"column":30},"end":{"line":71,"column":46}}],"line":71},"15":{"loc":{"start":{"line":78,"column":4},"end":{"line":82,"column":5}},"type":"if","locations":[{"start":{"line":78,"column":4},"end":{"line":82,"column":5}},{"start":{"line":78,"column":4},"end":{"line":82,"column":5}}],"line":78},"16":{"loc":{"start":{"line":89,"column":4},"end":{"line":89,"column":59}},"type":"if","locations":[{"start":{"line":89,"column":4},"end":{"line":89,"column":59}},{"start":{"line":89,"column":4},"end":{"line":89,"column":59}}],"line":89},"17":{"loc":{"start":{"line":117,"column":4},"end":{"line":117,"column":37}},"type":"if","locations":[{"start":{"line":117,"column":4},"end":{"line":117,"column":37}},{"start":{"line":117,"column":4},"end":{"line":117,"column":37}}],"line":117},"18":{"loc":{"start":{"line":120,"column":4},"end":{"line":120,"column":48}},"type":"if","locations":[{"start":{"line":120,"column":4},"end":{"line":120,"column":48}},{"start":{"line":120,"column":4},"end":{"line":120,"column":48}}],"line":120},"19":{"loc":{"start":{"line":125,"column":4},"end":{"line":127,"column":5}},"type":"if","locations":[{"start":{"line":125,"column":4},"end":{"line":127,"column":5}},{"start":{"line":125,"column":4},"end":{"line":127,"column":5}}],"line":125},"20":{"loc":{"start":{"line":125,"column":8},"end":{"line":125,"column":47}},"type":"binary-expr","locations":[{"start":{"line":125,"column":8},"end":{"line":125,"column":25}},{"start":{"line":125,"column":29},"end":{"line":125,"column":47}}],"line":125},"21":{"loc":{"start":{"line":137,"column":4},"end":{"line":141,"column":5}},"type":"if","locations":[{"start":{"line":137,"column":4},"end":{"line":141,"column":5}},{"start":{"line":137,"column":4},"end":{"line":141,"column":5}}],"line":137},"22":{"loc":{"start":{"line":137,"column":8},"end":{"line":137,"column":68}},"type":"binary-expr","locations":[{"start":{"line":137,"column":8},"end":{"line":137,"column":20}},{"start":{"line":137,"column":24},"end":{"line":137,"column":36}},{"start":{"line":137,"column":40},"end":{"line":137,"column":52}},{"start":{"line":137,"column":56},"end":{"line":137,"column":68}}],"line":137},"23":{"loc":{"start":{"line":170,"column":22},"end":{"line":170,"column":127}},"type":"cond-expr","locations":[{"start":{"line":170,"column":56},"end":{"line":170,"column":93}},{"start":{"line":170,"column":96},"end":{"line":170,"column":127}}],"line":170},"24":{"loc":{"start":{"line":171,"column":22},"end":{"line":171,"column":127}},"type":"cond-expr","locations":[{"start":{"line":171,"column":56},"end":{"line":171,"column":93}},{"start":{"line":171,"column":96},"end":{"line":171,"column":127}}],"line":171},"25":{"loc":{"start":{"line":209,"column":8},"end":{"line":209,"column":71}},"type":"if","locations":[{"start":{"line":209,"column":8},"end":{"line":209,"column":71}},{"start":{"line":209,"column":8},"end":{"line":209,"column":71}}],"line":209},"26":{"loc":{"start":{"line":210,"column":8},"end":{"line":210,"column":71}},"type":"if","locations":[{"start":{"line":210,"column":8},"end":{"line":210,"column":71}},{"start":{"line":210,"column":8},"end":{"line":210,"column":71}}],"line":210},"27":{"loc":{"start":{"line":228,"column":13},"end":{"line":228,"column":49}},"type":"cond-expr","locations":[{"start":{"line":228,"column":28},"end":{"line":228,"column":40}},{"start":{"line":228,"column":43},"end":{"line":228,"column":49}}],"line":228},"28":{"loc":{"start":{"line":229,"column":13},"end":{"line":229,"column":49}},"type":"cond-expr","locations":[{"start":{"line":229,"column":28},"end":{"line":229,"column":40}},{"start":{"line":229,"column":43},"end":{"line":229,"column":49}}],"line":229},"29":{"loc":{"start":{"line":243,"column":4},"end":{"line":243,"column":53}},"type":"if","locations":[{"start":{"line":243,"column":4},"end":{"line":243,"column":53}},{"start":{"line":243,"column":4},"end":{"line":243,"column":53}}],"line":243},"30":{"loc":{"start":{"line":243,"column":8},"end":{"line":243,"column":34}},"type":"binary-expr","locations":[{"start":{"line":243,"column":8},"end":{"line":243,"column":13}},{"start":{"line":243,"column":17},"end":{"line":243,"column":34}}],"line":243}},"s":{"0":1,"1":3724,"2":931,"3":1862,"4":933,"5":933,"6":933,"7":933,"8":0,"9":0,"10":0,"11":32,"12":32,"13":32,"14":32,"15":3732,"16":0,"17":3732,"18":4,"19":4,"20":0,"21":3728,"22":3728,"23":3728,"24":0,"25":933,"26":933,"27":2,"28":931,"29":931,"30":931,"31":931,"32":931,"33":931,"34":931,"35":931,"36":931,"37":931,"38":931,"39":931,"40":933,"41":0,"42":933,"43":933,"44":2,"45":931,"46":931,"47":931,"48":226,"49":931,"50":931,"51":931,"52":931,"53":931,"54":931,"55":931,"56":931,"57":0,"58":4,"59":4,"60":4,"61":8,"62":8,"63":24,"64":24,"65":24,"66":24,"67":4,"68":28,"69":28,"70":28,"71":28,"72":28,"73":28,"74":28,"75":28,"76":28,"77":28,"78":56,"79":56,"80":224,"81":224,"82":224,"83":224,"84":448,"85":448,"86":896,"87":896,"88":896,"89":896,"90":224,"91":224,"92":224,"93":224,"94":224,"95":0,"96":224,"97":224,"98":224,"99":28,"100":216,"101":216,"102":216,"103":216,"104":246,"105":0,"106":246,"107":246,"108":246,"109":246,"110":960,"111":960,"112":246,"113":1},"f":{"0":3724,"1":931,"2":1862,"3":933,"4":933,"5":32,"6":3732,"7":933,"8":931,"9":933,"10":4,"11":28,"12":28,"13":216,"14":246},"b":{"0":[3724,3724],"1":[0,933],"2":[0,0],"3":[933,932],"4":[933,933,932],"5":[933,0],"6":[0,933],"7":[0,0],"8":[0,0],"9":[32,0],"10":[0,32],"11":[0,3732],"12":[4,3728],"13":[4,0],"14":[4,4],"15":[3728,0],"16":[2,931],"17":[0,933],"18":[2,931],"19":[226,705],"20":[931,931],"21":[931,0],"22":[931,931,931,931],"23":[0,28],"24":[0,28],"25":[0,224],"26":[224,0],"27":[0,216],"28":[0,216],"29":[0,246],"30":[246,246]},"inputSourceMap":{"version":3,"sources":["grid.js"],"names":["isValue","x","undefined","floorMod","a","n","Math","floor","clamp","min","max","isInside","lon","lat","bounds","isLonInRange","wrapLongitude","Grid","constructor","options","Object","assign","lonDirection","origin","latDirection","isContinuous","size","resolution","getValue","i","j","data","matrix","index","length","getIndices","fi","fj","bilinearInterpolate","y","g00","g10","g01","g11","rx","ry","b","c","d","interpolate","indices","ci","cj","resample","value","push","getTiling","lonExtent","latExtent","tilesetSize","tileSize","tileResolution","tileset","tileOrigin","tileData","tj","ti","minLon","minLat","maxLon","maxLat","toGeometry","geometry","type","coordinates","getMinMax","minValue","maxValue"],"mappings":";;;;;AAAA;;;AAGA,SAASA,OAAT,CAAkBC,CAAlB,EAAqB;AACnB,SAAOA,MAAM,IAAN,IAAcA,MAAMC,SAA3B;AACD;;AAED;;;;AAIA,SAASC,QAAT,CAAmBC,CAAnB,EAAsBC,CAAtB,EAAyB;AACvB,SAAOD,IAAIC,IAAIC,KAAKC,KAAL,CAAWH,IAAIC,CAAf,CAAf;AACD;;AAED;;;AAGA,SAASG,KAAT,CAAgBP,CAAhB,EAAmBQ,GAAnB,EAAwBC,GAAxB,EAA6B;AAC3B,SAAOJ,KAAKI,GAAL,CAASD,GAAT,EAAcH,KAAKG,GAAL,CAASR,CAAT,EAAYS,GAAZ,CAAd,CAAP;AACD;;AAED;;;;;;AAMA,SAASC,QAAT,CAAmBC,GAAnB,EAAwBC,GAAxB,EAA6BC,MAA7B,EAAqC;AACnC,QAAMC,eAAgBD,OAAO,CAAP,IAAYA,OAAO,CAAP,CAAZ,GAClBF,OAAOE,OAAO,CAAP,CAAP,IAAoBF,OAAOE,OAAO,CAAP,CADT,GAElBF,OAAOE,OAAO,CAAP,CAAP,IAAoBF,OAAOE,OAAO,CAAP,CAF/B;;AAIA,SAAOD,OAAOC,OAAO,CAAP,CAAP,IAAoBD,OAAOC,OAAO,CAAP,CAA3B,IAAwCC,YAA/C;AACD;;AAED;;;AAGA,SAASC,aAAT,CAAwBJ,GAAxB,EAA6BE,MAA7B,EAAqC;AACnC;AACA,MAAIA,OAAO,CAAP,IAAY,CAAhB,EAAmB;AACjB,WAAOF,MAAM,GAAN,GAAYA,MAAM,GAAlB,GAAwBA,GAA/B;AACD,GAFD,MAEO,IAAIE,OAAO,CAAP,IAAY,GAAhB,EAAqB;AAC1B;AACA,WAAOF,MAAM,CAAN,GAAUA,MAAM,GAAhB,GAAsBA,GAA7B;AACD,GAHM,MAGA;AACL,WAAOA,GAAP;AACD;AACF;;AAEM,MAAMK,IAAN,CAAW;AAChB;AACA;AACAC,cAAaC,OAAb,EAAsB;AACpBC,WAAOC,MAAP,CAAc,IAAd,EAAoBF,OAApB;;AAEA;AACA,SAAKG,YAAL,GAAqB,KAAKC,MAAL,CAAY,CAAZ,MAAmB,KAAKT,MAAL,CAAY,CAAZ,CAAnB,GAAoC,CAApC,GAAwC,CAAC,CAA9D;AACA,SAAKU,YAAL,GAAqB,KAAKD,MAAL,CAAY,CAAZ,MAAmB,KAAKT,MAAL,CAAY,CAAZ,CAAnB,GAAoC,CAApC,GAAwC,CAAC,CAA9D;AACA;AACA,SAAKW,YAAL,GAAoBnB,KAAKC,KAAL,CAAW,KAAKmB,IAAL,CAAU,CAAV,IAAe,KAAKC,UAAL,CAAgB,CAAhB,CAA1B,KAAiD,GAArE;AACD;;AAEDC,WAAUC,CAAV,EAAaC,CAAb,EAAgB;AACd,QAAI,CAAC,KAAKC,IAAV,EAAgB,OAAO,CAAP;AAChB,QAAI,KAAKC,MAAT,EAAiB;AACf,UAAIH,IAAI,KAAKH,IAAL,CAAU,CAAV,CAAJ,IAAoBI,IAAI,KAAKJ,IAAL,CAAU,CAAV,CAA5B,EAA0C;AACxC,eAAO,KAAKK,IAAL,CAAUD,CAAV,EAAaD,CAAb,CAAP;AACD,OAFD,MAEO;AACL,eAAO3B,SAAP;AACD;AACF;AACD,UAAM+B,QAAQJ,IAAIC,IAAI,KAAKJ,IAAL,CAAU,CAAV,CAAtB;AACA,QAAIO,QAAQ,KAAKF,IAAL,CAAUG,MAAtB,EAA8B;AAC5B,aAAO,KAAKH,IAAL,CAAUE,KAAV,CAAP;AACD,KAFD,MAEO;AACL,aAAO/B,SAAP;AACD;AACF;;AAEDiC,aAAYvB,GAAZ,EAAiBC,GAAjB,EAAsB;AACpB;AACAD,UAAMI,cAAcJ,GAAd,EAAmB,KAAKE,MAAxB,CAAN;AACA;AACA,QAAI,CAACH,SAASC,GAAT,EAAcC,GAAd,EAAmB,KAAKC,MAAxB,CAAL,EAAsC,OAAOZ,SAAP;;AAEtC,UAAM2B,IAAI,KAAKP,YAAL,GAAoBnB,SAASS,MAAM,KAAKW,MAAL,CAAY,CAAZ,CAAf,EAA+B,GAA/B,CAApB,GAA0D,KAAKI,UAAL,CAAgB,CAAhB,CAApE,CANoB,CAMmE;AACvF,UAAMS,KAAK9B,KAAKC,KAAL,CAAWsB,CAAX,CAAX;AACA,UAAMC,IAAI,KAAKN,YAAL,IAAqBX,MAAM,KAAKU,MAAL,CAAY,CAAZ,CAA3B,IAA6C,KAAKI,UAAL,CAAgB,CAAhB,CAAvD,CARoB,CAQsD;AAC1E,UAAMU,KAAK/B,KAAKC,KAAL,CAAWuB,CAAX,CAAX;;AAEA,WAAO,CAACD,CAAD,EAAIO,EAAJ,EAAQN,CAAR,EAAWO,EAAX,CAAP;AACD;;AAED;AACAC,sBAAqBrC,CAArB,EAAwBsC,CAAxB,EAA2BC,GAA3B,EAAgCC,GAAhC,EAAqCC,GAArC,EAA0CC,GAA1C,EAA+C;AAC7C,UAAMC,KAAM,IAAI3C,CAAhB;AACA,UAAM4C,KAAM,IAAIN,CAAhB;AACA,UAAMnC,IAAIwC,KAAKC,EAAf;AACA,UAAMC,IAAI7C,IAAI4C,EAAd;AACA,UAAME,IAAIH,KAAKL,CAAf;AACA,UAAMS,IAAI/C,IAAIsC,CAAd;AACA,WAAOC,MAAMpC,CAAN,GAAUqC,MAAMK,CAAhB,GAAoBJ,MAAMK,CAA1B,GAA8BJ,MAAMK,CAA3C;AACD;;AAED;;;;;;AAMAC,cAAarC,GAAb,EAAkBC,GAAlB,EAAuB;AACrB,QAAI,CAAC,KAAKkB,IAAV,EAAgB,OAAO7B,SAAP;AAChB,UAAMgD,UAAU,KAAKf,UAAL,CAAgBvB,GAAhB,EAAqBC,GAArB,CAAhB;AACA;AACA,QAAIqC,YAAYhD,SAAhB,EAA2B,OAAOA,SAAP;AAC3B,UAAM,CAAC2B,CAAD,EAAIO,EAAJ,EAAQN,CAAR,EAAWO,EAAX,IAAiBa,OAAvB;;AAEA,QAAIC,KAAKf,KAAK,CAAd;AACA;AACA,QAAI,KAAKX,YAAL,IAAqB0B,MAAM,KAAKzB,IAAL,CAAU,CAAV,CAA/B,EAA6C;AAC3CyB,WAAK,CAAL;AACD;AACDA,SAAK3C,MAAM2C,EAAN,EAAU,CAAV,EAAa,KAAKzB,IAAL,CAAU,CAAV,IAAe,CAA5B,CAAL;AACA,UAAM0B,KAAK5C,MAAM6B,KAAK,CAAX,EAAc,CAAd,EAAiB,KAAKX,IAAL,CAAU,CAAV,IAAe,CAAhC,CAAX;;AAEA,UAAMc,MAAM,KAAKZ,QAAL,CAAcQ,EAAd,EAAkBC,EAAlB,CAAZ;AACA,UAAMI,MAAM,KAAKb,QAAL,CAAcuB,EAAd,EAAkBd,EAAlB,CAAZ;AACA,UAAMK,MAAM,KAAKd,QAAL,CAAcQ,EAAd,EAAkBgB,EAAlB,CAAZ;AACA,UAAMT,MAAM,KAAKf,QAAL,CAAcuB,EAAd,EAAkBC,EAAlB,CAAZ;;AAEA;AACA,QAAIpD,QAAQwC,GAAR,KAAgBxC,QAAQyC,GAAR,CAAhB,IAAgCzC,QAAQ0C,GAAR,CAAhC,IAAgD1C,QAAQ2C,GAAR,CAApD,EAAkE;AAChE,aAAO,KAAKL,mBAAL,CAAyBT,IAAIO,EAA7B,EAAiCN,IAAIO,EAArC,EAAyCG,GAAzC,EAA8CC,GAA9C,EAAmDC,GAAnD,EAAwDC,GAAxD,CAAP;AACD,KAFD,MAEO;AACL,aAAOzC,SAAP;AACD;AACF;;AAED;;;;;;;AAOAmD,WAAU9B,MAAV,EAAkBI,UAAlB,EAA8BD,IAA9B,EAAoC;AAClC,UAAMK,OAAO,EAAb;AACA,SAAK,IAAID,IAAI,CAAb,EAAgBA,IAAIJ,KAAK,CAAL,CAApB,EAA6BI,GAA7B,EAAkC;AAChC,WAAK,IAAID,IAAI,CAAb,EAAgBA,IAAIH,KAAK,CAAL,CAApB,EAA6BG,GAA7B,EAAkC;AAChC,cAAMjB,MAAMW,OAAO,CAAP,IAAY,KAAKD,YAAL,IAAqBO,IAAIF,WAAW,CAAX,CAAzB,CAAxB;AACA,cAAMd,MAAMU,OAAO,CAAP,IAAY,KAAKC,YAAL,IAAqBM,IAAIH,WAAW,CAAX,CAAzB,CAAxB;AACA,cAAM2B,QAAQ,KAAKL,WAAL,CAAiBrC,GAAjB,EAAsBC,GAAtB,CAAd;AACAkB,aAAKwB,IAAL,CAAUD,KAAV;AACD;AACF;AACD,WAAOvB,IAAP;AACD;;AAED;;;;;AAKAyB,YAAW7B,UAAX,EAAuB;AACrB,UAAM8B,YAAa,KAAK3C,MAAL,CAAY,CAAZ,IAAiB,KAAKA,MAAL,CAAY,CAAZ,CAAjB,GAAmC,MAAM,KAAKA,MAAL,CAAY,CAAZ,CAAN,GAAuB,KAAKA,MAAL,CAAY,CAAZ,CAA1D,GAA6E,KAAKA,MAAL,CAAY,CAAZ,IAAiB,KAAKA,MAAL,CAAY,CAAZ,CAAjH;AACA,UAAM4C,YAAa,KAAK5C,MAAL,CAAY,CAAZ,IAAiB,KAAKA,MAAL,CAAY,CAAZ,CAAjB,GAAmC,MAAM,KAAKA,MAAL,CAAY,CAAZ,CAAN,GAAuB,KAAKA,MAAL,CAAY,CAAZ,CAA1D,GAA6E,KAAKA,MAAL,CAAY,CAAZ,IAAiB,KAAKA,MAAL,CAAY,CAAZ,CAAjH;AACA;AACA,UAAM6C,cAAc,CAACrD,KAAKC,KAAL,CAAWkD,YAAY9B,WAAW,CAAX,CAAvB,CAAD,EAAwCrB,KAAKC,KAAL,CAAWmD,YAAY/B,WAAW,CAAX,CAAvB,CAAxC,CAApB;AACA;AACA,UAAMiC,WAAW,CACftD,KAAKC,KAAL,CAAWoB,WAAW,CAAX,IAAgB,KAAKA,UAAL,CAAgB,CAAhB,CAA3B,IAAiD,CADlC,EAEfrB,KAAKC,KAAL,CAAWoB,WAAW,CAAX,IAAgB,KAAKA,UAAL,CAAgB,CAAhB,CAA3B,IAAiD,CAFlC,CAAjB;AAIA,UAAMkC,iBAAiB,CAAC,KAAKlC,UAAL,CAAgB,CAAhB,CAAD,EAAqB,KAAKA,UAAL,CAAgB,CAAhB,CAArB,CAAvB;AACA,WAAO,EAAEgC,WAAF,EAAeC,QAAf,EAAyBC,cAAzB,EAAP;AACD;;AAED;;;;;AAKAC,UAASnC,UAAT,EAAqB;AACnB,UAAM,EAAEgC,WAAF,EAAeC,QAAf,EAAyBC,cAAzB,KAA4C,KAAKL,SAAL,CAAe7B,UAAf,CAAlD;;AAEA,UAAMI,OAAO,EAAb;AACA;AACA,SAAK,IAAID,IAAI,CAAb,EAAgBA,IAAI6B,YAAY,CAAZ,CAApB,EAAoC7B,GAApC,EAAyC;AACvC,WAAK,IAAID,IAAI,CAAb,EAAgBA,IAAI8B,YAAY,CAAZ,CAApB,EAAoC9B,GAApC,EAAyC;AACvC;AACA,cAAMkC,aAAa,CAAC,KAAKxC,MAAL,CAAY,CAAZ,IAAiB,KAAKD,YAAL,IAAqBO,IAAIF,WAAW,CAAX,CAAzB,CAAlB,EACjB,KAAKJ,MAAL,CAAY,CAAZ,IAAiB,KAAKC,YAAL,IAAqBM,IAAIH,WAAW,CAAX,CAAzB,CADA,CAAnB;AAEA,cAAMqC,WAAW,EAAjB;AACA;AACA,aAAK,IAAIC,KAAK,CAAd,EAAiBA,KAAKL,SAAS,CAAT,CAAtB,EAAmCK,IAAnC,EAAyC;AACvC,eAAK,IAAIC,KAAK,CAAd,EAAiBA,KAAKN,SAAS,CAAT,CAAtB,EAAmCM,IAAnC,EAAyC;AACvC,kBAAMtD,MAAMmD,WAAW,CAAX,IAAgB,KAAKzC,YAAL,IAAqB4C,KAAKL,eAAe,CAAf,CAA1B,CAA5B;AACA,kBAAMhD,MAAMkD,WAAW,CAAX,IAAgB,KAAKvC,YAAL,IAAqByC,KAAKJ,eAAe,CAAf,CAA1B,CAA5B;AACA,kBAAMP,QAAQ,KAAKL,WAAL,CAAiBrC,GAAjB,EAAsBC,GAAtB,CAAd;AACAmD,qBAAST,IAAT,CAAcD,KAAd;AACD;AACF;AACD,YAAIa,SAASJ,WAAW,CAAX,CAAb;AACA,YAAIK,SAASL,WAAW,CAAX,CAAb;AACA,YAAIM,SAASN,WAAW,CAAX,IAAgB,KAAKzC,YAAL,GAAoBK,WAAW,CAAX,CAAjD;AACA,YAAI2C,SAASP,WAAW,CAAX,IAAgB,KAAKvC,YAAL,GAAoBG,WAAW,CAAX,CAAjD;AACA;AACA,YAAI,KAAKL,YAAL,GAAoB,CAAxB,EAA2B,CAAC6C,MAAD,EAASE,MAAT,IAAmB,CAACA,MAAD,EAASF,MAAT,CAAnB;AAC3B,YAAI,KAAK3C,YAAL,GAAoB,CAAxB,EAA2B,CAAC4C,MAAD,EAASE,MAAT,IAAmB,CAACA,MAAD,EAASF,MAAT,CAAnB;AAC3BrC,aAAKwB,IAAL,CAAU;AACRtD,aAAG4B,CADK;AAERU,aAAGT,CAFK;AAGRhB,kBAAQ,CAACqD,MAAD,EAASC,MAAT,EAAiBC,MAAjB,EAAyBC,MAAzB,CAHA;AAIR/C,kBAAQwC,UAJA;AAKRrC,gBAAMkC,QALE;AAMRjC,sBAAYkC,cANJ;AAOR9B,gBAAMiC;AAPE,SAAV;AASD;AACF;AACD,WAAOjC,IAAP;AACD;;AAED,SAAOwC,UAAP,CAAmBzD,MAAnB,EAA2B;AACzB,QAAI,CAACqD,MAAD,EAASC,MAAT,EAAiBC,MAAjB,EAAyBC,MAAzB,IAAmCxD,MAAvC;AACA;AACAqD,aAAUA,SAAS,GAAT,GAAeA,SAAS,GAAxB,GAA8BA,MAAxC;AACAE,aAAUA,SAAS,GAAT,GAAeA,SAAS,GAAxB,GAA8BA,MAAxC;;AAEA,WAAO;AACLG,gBAAU;AACRC,cAAM,SADE;AAERC,qBAAa;AACX;AACA,SAAC,CAACP,MAAD,EAASC,MAAT,CAAD,EAAmB,CAACC,MAAD,EAASD,MAAT,CAAnB,EACE,CAACC,MAAD,EAASC,MAAT,CADF,EACoB,CAACH,MAAD,EAASG,MAAT,CADpB,EACsC,CAACH,MAAD,EAASC,MAAT,CADtC,CAFW,CAG6C;AAH7C;AAFL;AADL,KAAP;AAUD;;AAED,SAAOO,SAAP,CAAkB5C,IAAlB,EAAwB;AACtB,QAAI,CAACA,IAAD,IAAUA,KAAKG,MAAL,KAAgB,CAA9B,EAAkC,OAAOhC,SAAP;AAClC,QAAI0E,WAAW7C,KAAK,CAAL,CAAf;AACA,QAAI8C,WAAW9C,KAAK,CAAL,CAAf;AACA,SAAK,IAAIF,IAAI,CAAb,EAAgBA,IAAIE,KAAKG,MAAzB,EAAiCL,GAAjC,EAAsC;AACpC+C,iBAAWtE,KAAKG,GAAL,CAASmE,QAAT,EAAmB7C,KAAKF,CAAL,CAAnB,CAAX;AACAgD,iBAAWvE,KAAKI,GAAL,CAASmE,QAAT,EAAmB9C,KAAKF,CAAL,CAAnB,CAAX;AACD;AACD,WAAO,EAAE+C,QAAF,EAAYC,QAAZ,EAAP;AACD;AAzMe;QAAL5D,I,GAAAA,I","file":"grid.js","sourceRoot":"/home/daffl/Feathers/Kalisio/weacast/packages/core/src/common","sourcesContent":["/**\n * @returns {Boolean} true if the specified value is not null and not undefined.\n */\nfunction isValue (x) {\n  return x !== null && x !== undefined\n}\n\n/**\n * @returns {Number} returns remainder of floored division, i.e., floor(a / n). Useful for consistent modulo\n *          of negative numbers. See http://en.wikipedia.org/wiki/Modulo_operation.\n */\nfunction floorMod (a, n) {\n  return a - n * Math.floor(a / n)\n}\n\n/**\n * @returns {Number} the value x clamped to the range [low, high].\n */\nfunction clamp (x, min, max) {\n  return Math.max(min, Math.min(x, max))\n}\n\n/**\n * @returns {Boolean} if the given point is inside the given bounding box e.g. [-180, -90, 180, 90].\n * This solution also takes in consideration a case in which the UI sends a box which crosses longitude 180/-180\n * (maps views on low zoom level where you can see the whole world, allow infinite cyclic horizontal scrolling,\n * so it is possible for example that a box's bottomLeft.lng=170 while topRight.lng=-170(=190) and by that including a range of 20 degrees\n */\nfunction isInside (lon, lat, bounds) {\n  const isLonInRange = (bounds[2] < bounds[0]\n    ? lon >= bounds[0] || lon <= bounds[2]\n    : lon >= bounds[0] && lon <= bounds[2])\n\n  return lat >= bounds[1] && lat <= bounds[3] && isLonInRange\n}\n\n/**\n * @returns {Number} Returns a new longitude with the value wrapped so it's always in the same range than the given bounding box (e.g. between -180 and +180 degrees).\n */\nfunction wrapLongitude (lon, bounds) {\n  // We have longitudes in range [-180, 180] so take care if longitude is given in range [0, 360]\n  if (bounds[0] < 0) {\n    return lon > 180 ? lon - 360 : lon\n  } else if (bounds[2] > 180) {\n    // We have longitudes in range [0, 360] so take care if longitude is given in range [-180, 180]\n    return lon < 0 ? lon + 360 : lon\n  } else {\n    return lon\n  }\n}\n\nexport class Grid {\n  // Options are similar to those defining the forecast model + a data json array for grid point values\n  // (bounds e.g. [-180, -90, 180, 90], e.g. origin: [-180, 90], e.g. size: [720, 361], e.g. resolution: [0.5, 0.5])\n  constructor (options) {\n    Object.assign(this, options)\n\n    // Depending on the model longitude/latitude increases/decreases according to grid scanning\n    this.lonDirection = (this.origin[0] === this.bounds[0] ? 1 : -1)\n    this.latDirection = (this.origin[1] === this.bounds[1] ? 1 : -1)\n    // Check for wrapped grids\n    this.isContinuous = Math.floor(this.size[0] * this.resolution[0]) >= 360\n  }\n\n  getValue (i, j) {\n    if (!this.data) return 0\n    if (this.matrix) {\n      if (i < this.size[0] && j < this.size[1]) {\n        return this.data[j][i]\n      } else {\n        return undefined\n      }\n    }\n    const index = i + j * this.size[0]\n    if (index < this.data.length) {\n      return this.data[index]\n    } else {\n      return undefined\n    }\n  }\n\n  getIndices (lon, lat) {\n    // Take care that some models express longitude in [0,360] and not [-180,180], so unify range here\n    lon = wrapLongitude(lon, this.bounds)\n    // Check for points outside bbox\n    if (!isInside(lon, lat, this.bounds)) return undefined\n\n    const i = this.lonDirection * floorMod(lon - this.origin[0], 360) / this.resolution[0] // calculate longitude index in wrapped range [0, 360)\n    const fi = Math.floor(i)\n    const j = this.latDirection * (lat - this.origin[1]) / this.resolution[1] // calculate latitude index in direction +90 to -90\n    const fj = Math.floor(j)\n\n    return [i, fi, j, fj]\n  }\n\n  // bilinear interpolation\n  bilinearInterpolate (x, y, g00, g10, g01, g11) {\n    const rx = (1 - x)\n    const ry = (1 - y)\n    const a = rx * ry\n    const b = x * ry\n    const c = rx * y\n    const d = x * y\n    return g00 * a + g10 * b + g01 * c + g11 * d\n  }\n\n  /**\n   * Get interpolated grid value from Lon/Lat position\n   * @param lon {Float} Longitude\n   * @param lat {Float} Latitude\n   * @returns {Object}\n   */\n  interpolate (lon, lat) {\n    if (!this.data) return undefined\n    const indices = this.getIndices(lon, lat)\n    // Check for points outside bbox\n    if (indices === undefined) return undefined\n    const [i, fi, j, fj] = indices\n\n    let ci = fi + 1\n    // In this case virtually duplicate first column as last column to simplify interpolation logic\n    if (this.isContinuous && ci >= this.size[0]) {\n      ci = 0\n    }\n    ci = clamp(ci, 0, this.size[0] - 1)\n    const cj = clamp(fj + 1, 0, this.size[1] - 1)\n\n    const g00 = this.getValue(fi, fj)\n    const g10 = this.getValue(ci, fj)\n    const g01 = this.getValue(fi, cj)\n    const g11 = this.getValue(ci, cj)\n\n    // All four points found, so interpolate the value\n    if (isValue(g00) && isValue(g10) && isValue(g01) && isValue(g11)) {\n      return this.bilinearInterpolate(i - fi, j - fj, g00, g10, g01, g11)\n    } else {\n      return undefined\n    }\n  }\n\n  /**\n   * Get a resampled version of the grid based on interpolated values\n   * @param origin {Array} Origin in longitude/latitude of the new data\n   * @param resolution {Array} Resolution in longitude/latitude of the new data\n   * @param size {Array} Grid size in longitude/latitude of the new data\n   * @returns {Array}\n   */\n  resample (origin, resolution, size) {\n    const data = []\n    for (let j = 0; j < size[1]; j++) {\n      for (let i = 0; i < size[0]; i++) {\n        const lon = origin[0] + this.lonDirection * (i * resolution[0])\n        const lat = origin[1] + this.latDirection * (j * resolution[1])\n        const value = this.interpolate(lon, lat)\n        data.push(value)\n      }\n    }\n    return data\n  }\n\n  /**\n   * Get tiling parameters for a tileset from the grid\n   * @param resolution {Array} Tile resolution in longitude/latitude of the tileset\n   * @returns {Object} tileset size, tile size, tile resolution\n   */\n  getTiling (resolution) {\n    const lonExtent = (this.bounds[2] < this.bounds[0] ? (360 + this.bounds[2] - this.bounds[0]) : (this.bounds[2] - this.bounds[0]))\n    const latExtent = (this.bounds[3] < this.bounds[1] ? (360 + this.bounds[3] - this.bounds[1]) : (this.bounds[3] - this.bounds[1]))\n    // Number of tiles is bound / tile resolution\n    const tilesetSize = [Math.floor(lonExtent / resolution[0]), Math.floor(latExtent / resolution[1])]\n    // Size of tiles is tile bound / resolution\n    const tileSize = [\n      Math.floor(resolution[0] / this.resolution[0]) + 1,\n      Math.floor(resolution[1] / this.resolution[1]) + 1\n    ]\n    const tileResolution = [this.resolution[0], this.resolution[1]]\n    return { tilesetSize, tileSize, tileResolution }\n  }\n\n  /**\n   * Get a tileset from the grid\n   * @param resolution {Array} Tile resolution in longitude/latitude of the tileset\n   * @returns {Array} a list of grid data for each tile\n   */\n  tileset (resolution) {\n    const { tilesetSize, tileSize, tileResolution } = this.getTiling(resolution)\n\n    const data = []\n    // Iterate over tiles\n    for (let j = 0; j < tilesetSize[1]; j++) {\n      for (let i = 0; i < tilesetSize[0]; i++) {\n        // Compute tile origin\n        const tileOrigin = [this.origin[0] + this.lonDirection * (i * resolution[0]),\n          this.origin[1] + this.latDirection * (j * resolution[1])]\n        const tileData = []\n        // Then over cell in tile\n        for (let tj = 0; tj < tileSize[1]; tj++) {\n          for (let ti = 0; ti < tileSize[0]; ti++) {\n            const lon = tileOrigin[0] + this.lonDirection * (ti * tileResolution[0])\n            const lat = tileOrigin[1] + this.latDirection * (tj * tileResolution[1])\n            const value = this.interpolate(lon, lat)\n            tileData.push(value)\n          }\n        }\n        let minLon = tileOrigin[0]\n        let minLat = tileOrigin[1]\n        let maxLon = tileOrigin[0] + this.lonDirection * resolution[0]\n        let maxLat = tileOrigin[1] + this.latDirection * resolution[1]\n        // Need to switch bounds if descending order\n        if (this.lonDirection < 0) [minLon, maxLon] = [maxLon, minLon]\n        if (this.latDirection < 0) [minLat, maxLat] = [maxLat, minLat]\n        data.push({\n          x: i,\n          y: j,\n          bounds: [minLon, minLat, maxLon, maxLat],\n          origin: tileOrigin,\n          size: tileSize,\n          resolution: tileResolution,\n          data: tileData\n        })\n      }\n    }\n    return data\n  }\n\n  static toGeometry (bounds) {\n    let [minLon, minLat, maxLon, maxLat] = bounds\n    // GeoJSON WGS84 > longitude should be in [-180, 180]\n    minLon = (minLon > 180 ? minLon - 360 : minLon)\n    maxLon = (maxLon > 180 ? maxLon - 360 : maxLon)\n\n    return {\n      geometry: {\n        type: 'Polygon',\n        coordinates: [\n          // Exterior ring\n          [[minLon, minLat], [maxLon, minLat],\n            [maxLon, maxLat], [minLon, maxLat], [minLon, minLat]] // Closing point\n        ]\n      }\n    }\n  }\n\n  static getMinMax (data) {\n    if (!data || (data.length === 0)) return undefined\n    let minValue = data[0]\n    let maxValue = data[0]\n    for (let i = 1; i < data.length; i++) {\n      minValue = Math.min(minValue, data[i])\n      maxValue = Math.max(maxValue, data[i])\n    }\n    return { minValue, maxValue }\n  }\n}\n"]},"_coverageSchema":"1a1c01bbd47fc00a2c39e90264f33305004495a9","hash":"2013e3a98dc26ebbbd49ed0de0ba1f743af21c0c","contentHash":"db11467fb44a9d674a15b23736cd80c5b88ff5860629972a2aa31b0fead0521a"},"/home/daffl/Feathers/Kalisio/weacast/packages/core/src/common/utils.js":{"path":"/home/daffl/Feathers/Kalisio/weacast/packages/core/src/common/utils.js","statementMap":{"0":{"start":{"line":3,"column":0},"end":{"line":5,"column":3}},"1":{"start":{"line":6,"column":0},"end":{"line":6,"column":32}},"2":{"start":{"line":7,"column":0},"end":{"line":7,"column":46}},"3":{"start":{"line":8,"column":0},"end":{"line":8,"column":56}},"4":{"start":{"line":14,"column":2},"end":{"line":14,"column":49}},"5":{"start":{"line":23,"column":12},"end":{"line":23,"column":60}},"6":{"start":{"line":24,"column":2},"end":{"line":24,"column":73}},"7":{"start":{"line":33,"column":25},"end":{"line":33,"column":74}},"8":{"start":{"line":34,"column":12},"end":{"line":34,"column":63}},"9":{"start":{"line":35,"column":2},"end":{"line":35,"column":79}}},"fnMap":{"0":{"name":"roundHours","decl":{"start":{"line":13,"column":9},"end":{"line":13,"column":19}},"loc":{"start":{"line":13,"column":37},"end":{"line":15,"column":1}},"line":13},"1":{"name":"getNearestRunTime","decl":{"start":{"line":21,"column":9},"end":{"line":21,"column":26}},"loc":{"start":{"line":21,"column":50},"end":{"line":25,"column":1}},"line":21},"2":{"name":"getNearestForecastTime","decl":{"start":{"line":31,"column":9},"end":{"line":31,"column":31}},"loc":{"start":{"line":31,"column":52},"end":{"line":36,"column":1}},"line":31}},"branchMap":{},"s":{"0":1,"1":1,"2":1,"3":1,"4":25,"5":14,"6":14,"7":11,"8":11,"9":11},"f":{"0":25,"1":14,"2":11},"b":{},"inputSourceMap":{"version":3,"sources":["utils.js"],"names":["roundHours","getNearestRunTime","getNearestForecastTime","hours","interval","Math","floor","datetime","runInterval","h","clone","minutes","seconds","milliseconds","offsetDateTime","add"],"mappings":";;;;;QAIgBA,U,GAAAA,U;QAQAC,iB,GAAAA,iB;QAUAC,sB,GAAAA,sB;AAtBhB;;;;AAIO,SAASF,UAAT,CAAqBG,KAArB,EAA4BC,QAA5B,EAAsC;AAC3C,SAAQC,KAAKC,KAAL,CAAWH,QAAQC,QAAnB,IAA+BA,QAAvC;AACD;;AAED;;;;AAIO,SAASH,iBAAT,CAA4BM,QAA5B,EAAsCC,WAAtC,EAAmD;AACxD;AACA,QAAMC,IAAIT,WAAWO,SAASJ,KAAT,EAAX,EAA6BK,cAAc,IAA3C,CAAV;AACA,SAAOD,SAASG,KAAT,GAAiBP,KAAjB,CAAuBM,CAAvB,EAA0BE,OAA1B,CAAkC,CAAlC,EAAqCC,OAArC,CAA6C,CAA7C,EAAgDC,YAAhD,CAA6D,CAA7D,CAAP;AACD;;AAED;;;;AAIO,SAASX,sBAAT,CAAiCK,QAAjC,EAA2CH,QAA3C,EAAqD;AAC1D;AACA,QAAMU,iBAAiBP,SAASG,KAAT,GAAiBK,GAAjB,CAAqB,EAAEH,SAAS,MAAMR,QAAjB,EAArB,CAAvB;AACA,QAAMK,IAAIT,WAAWc,eAAeX,KAAf,EAAX,EAAmCC,WAAW,IAA9C,CAAV;AACA,SAAOU,eAAeJ,KAAf,GAAuBP,KAAvB,CAA6BM,CAA7B,EAAgCE,OAAhC,CAAwC,CAAxC,EAA2CC,OAA3C,CAAmD,CAAnD,EAAsDC,YAAtD,CAAmE,CAAnE,CAAP;AACD","file":"utils.js","sourceRoot":"/home/daffl/Feathers/Kalisio/weacast/packages/core/src/common","sourcesContent":["/*\n  Round hours to expected interval, e.g. we're currently using 6 hourly interval i.e. 00 || 06 || 12 || 18\n  @return {Number}\n */\nexport function roundHours (hours, interval) {\n  return (Math.floor(hours / interval) * interval)\n}\n\n/*\n  Round hours to expected run interval\n  @return {Date}\n */\nexport function getNearestRunTime (datetime, runInterval) {\n  // Compute nearest run T0, always in the past\n  const h = roundHours(datetime.hours(), runInterval / 3600)\n  return datetime.clone().hours(h).minutes(0).seconds(0).milliseconds(0)\n}\n\n/*\n  Round hours to expected forecast interval\n  @return {Date}\n */\nexport function getNearestForecastTime (datetime, interval) {\n  // Compute nearest forecast T0, can be in the past when between two forecast time\n  const offsetDateTime = datetime.clone().add({ seconds: 0.5 * interval })\n  const h = roundHours(offsetDateTime.hours(), interval / 3600)\n  return offsetDateTime.clone().hours(h).minutes(0).seconds(0).milliseconds(0)\n}\n"]},"_coverageSchema":"1a1c01bbd47fc00a2c39e90264f33305004495a9","hash":"3c8185aa58db9e3d3cd99d87795bb6b025702f2f","contentHash":"4cb20f2b2ff8186067a8982594e31554da473573485b02be9471ec375593c4b1"},"/home/daffl/Feathers/Kalisio/weacast/packages/core/src/mixins/index.js":{"path":"/home/daffl/Feathers/Kalisio/weacast/packages/core/src/mixins/index.js","statementMap":{"0":{"start":{"line":3,"column":0},"end":{"line":5,"column":3}},"1":{"start":{"line":6,"column":0},"end":{"line":6,"column":56}},"2":{"start":{"line":8,"column":13},"end":{"line":8,"column":39}},"3":{"start":{"line":10,"column":14},"end":{"line":10,"column":44}},"4":{"start":{"line":12,"column":14},"end":{"line":12,"column":40}},"5":{"start":{"line":14,"column":14},"end":{"line":14,"column":45}},"6":{"start":{"line":16,"column":39},"end":{"line":16,"column":93}},"7":{"start":{"line":18,"column":0},"end":{"line":18,"column":53}},"8":{"start":{"line":19,"column":0},"end":{"line":19,"column":39}},"9":{"start":{"line":20,"column":0},"end":{"line":20,"column":39}}},"fnMap":{"0":{"name":"_interopRequireDefault","decl":{"start":{"line":16,"column":9},"end":{"line":16,"column":31}},"loc":{"start":{"line":16,"column":37},"end":{"line":16,"column":95}},"line":16}},"branchMap":{"0":{"loc":{"start":{"line":16,"column":46},"end":{"line":16,"column":92}},"type":"cond-expr","locations":[{"start":{"line":16,"column":70},"end":{"line":16,"column":73}},{"start":{"line":16,"column":76},"end":{"line":16,"column":92}}],"line":16},"1":{"loc":{"start":{"line":16,"column":46},"end":{"line":16,"column":67}},"type":"binary-expr","locations":[{"start":{"line":16,"column":46},"end":{"line":16,"column":49}},{"start":{"line":16,"column":53},"end":{"line":16,"column":67}}],"line":16}},"s":{"0":1,"1":1,"2":1,"3":1,"4":1,"5":1,"6":2,"7":1,"8":1,"9":1},"f":{"0":2},"b":{"0":[0,2],"1":[2,2]},"inputSourceMap":{"version":3,"sources":["index.js"],"names":["elementMixin","refreshMixin"],"mappings":";;;;;;;AAAA;;;;AACA;;;;;;kBAEe,CACbA,eADa,EAEbC,eAFa,C;QAKND,Y,GAAAA,e;QAAcC,Y,GAAAA,e","file":"index.js","sourceRoot":"/home/daffl/Feathers/Kalisio/weacast/packages/core/src/mixins","sourcesContent":["import elementMixin from './mixin.element'\nimport refreshMixin from './mixin.refresh'\n\nexport default [\n  elementMixin,\n  refreshMixin\n]\n\nexport { elementMixin, refreshMixin }\n"]},"_coverageSchema":"1a1c01bbd47fc00a2c39e90264f33305004495a9","hash":"5cde299e369dc7a7eba27b136ab6d6a6142fb890","contentHash":"6e5d287afb725e913db5accb6a6a70b3af7e935084e32abd0830bbb0af6bb6be"},"/home/daffl/Feathers/Kalisio/weacast/packages/core/src/mixins/mixin.element.js":{"path":"/home/daffl/Feathers/Kalisio/weacast/packages/core/src/mixins/mixin.element.js","statementMap":{"0":{"start":{"line":3,"column":0},"end":{"line":5,"column":3}},"1":{"start":{"line":7,"column":15},"end":{"line":7,"column":34}},"2":{"start":{"line":9,"column":16},"end":{"line":9,"column":48}},"3":{"start":{"line":11,"column":12},"end":{"line":11,"column":27}},"4":{"start":{"line":13,"column":13},"end":{"line":13,"column":42}},"5":{"start":{"line":15,"column":15},"end":{"line":15,"column":33}},"6":{"start":{"line":17,"column":16},"end":{"line":17,"column":48}},"7":{"start":{"line":19,"column":14},"end":{"line":19,"column":34}},"8":{"start":{"line":21,"column":39},"end":{"line":21,"column":93}},"9":{"start":{"line":23,"column":33},"end":{"line":23,"column":456}},"10":{"start":{"li
[...]
    }\n      */\n      query.geometry = {\n        $geoWithin: {\n          $centerSphere: [[longitude, latitude], distance / 6378137.0] // Earth radius as in radians\n        }\n      }\n    }\n    // Shortcut for bbox query\n    if (!_.isNil(query.south) && !_.isNil(query.north) && !_.isNil(query.west) && !_.isNil(query.east)) {\n      const south = _.toNumber(query.south)\n      const north = _.toNumber(query.north)\n      const west = _.toNumber(query.west)\n      const east = _.toNumber(query.east)\n      // Transform to MongoDB spatial request\n      delete query.south\n      delete query.north\n      delete query.west\n      delete query.east\n      query.geometry = {\n        $geoIntersects: {\n          $geometry: {\n            type: 'Polygon',\n            coordinates: [ // BBox as a polygon\n              [[west, south], [east, south], [east, north], [west, north], [west, south]] // Closing point\n            ]\n          }\n        }\n      }\n    }\n  }\n}\n\nexport function processForecastTime (hook) {\n  const query = hook.params.query\n  const service = hook.service\n\n  if (query && !_.isNil(query.time)) {\n    // Find nearest forecast time corresponding to request time\n    const time = (typeof query.time === 'string' ? moment.utc(query.time) : query.time)\n    const forecastTime = service.getNearestForecastTime(time)\n    delete query.time\n    query.forecastTime = new Date(forecastTime.valueOf())\n  }\n  if (query && !_.isNil(query.from) && !_.isNil(query.to)) {\n    // Find nearest forecast time corresponding to request time range\n    const from = (typeof query.from === 'string' ? moment.utc(query.from) : query.from)\n    const to = (typeof query.to === 'string' ? moment.utc(query.to) : query.to)\n    const fromForecastTime = service.getNearestForecastTime(from)\n    const toForecastTime = service.getNearestForecastTime(to)\n    delete query.from\n    delete query.to\n    query.forecastTime = {\n      $gte: new Date(fromForecastTime.valueOf()),\n      $lte: new Date(toForecastTime.valueOf())\n    }\n  }\n}\n\nfunction readFile (service, item) {\n  const inputPath = (path.isAbsolute(item.convertedFilePath)\n    ? item.convertedFilePath\n    : path.join(service.app.get('forecastPath'), item.convertedFilePath))\n\n  return new Promise((resolve, reject) => {\n    fs.readJson(inputPath, 'utf8')\n      .then(grid => {\n        item.data = grid\n        resolve(item)\n      })\n      .catch(error => {\n        let errorMessage = 'Cannot read converted ' + service.forecast.name + '/' + service.element.name + ' forecast'\n        if (item.forecastTime) errorMessage += ' at ' + item.forecastTime.format()\n        if (item.runTime) errorMessage += ' for run ' + item.runTime.format()\n        logger.error(errorMessage)\n        debug('Input JSON file was : ' + item.convertedFilePath)\n        reject(error)\n      })\n  })\n}\n\nexport async function processData (hook) {\n  const params = hook.params\n  const query = params.query\n  const service = hook.service\n  let items = getItems(hook)\n  const isArray = Array.isArray(items)\n  items = (isArray ? items : [items])\n\n  // If we use a file based storage we have to load data on demand\n  if (service.isExternalDataStorage()) {\n    // Process data files when required\n    if (query && !_.isNil(query.$select) && query.$select.includes('data')) {\n      const dataPromises = []\n      items.forEach(item => {\n        // Except if we target tiles which have internal data\n        if (item.convertedFilePath) {\n          // In this case we need to extract from GridFS first\n          if (service.element.dataStore === 'gridfs') {\n            dataPromises.push(\n              service.readFromGridFS(item.convertedFilePath)\n                .then(_ => readFile(service, item))\n            )\n          } else {\n            dataPromises.push(readFile(service, item))\n          }\n        }\n      })\n      // Something to be done ?\n      if (dataPromises.length > 0) {\n        await Promise.all(dataPromises)\n        // In this case we need to remove extracted files as they are temporary\n        if (service.element.dataStore === 'gridfs') {\n          await Promise.all(items.map(item => fs.remove(item.convertedFilePath)))\n        }\n        replaceItems(hook, isArray ? items : items[0])\n      }\n    }\n    // Remove any sensitive information about file path on the client side\n    discardFilepathField(hook)\n    discardConvertedFilepathField(hook)\n  }\n  // Only discard if not explicitely asked by $select\n  if (_.isNil(query) || _.isNil(query.$select) || !query.$select.includes('data')) {\n    discardDataField(hook)\n  } else {\n    // Check for resampling on returned data\n    if (!_.isNil(params.oLon) && !_.isNil(params.oLat) && !_.isNil(params.sLon) && !_.isNil(params.sLat) && !_.isNil(params.dLon) && !_.isNil(params.dLat)) {\n      items.forEach(item => {\n        const grid = new Grid({\n          bounds: service.forecast.bounds,\n          origin: service.forecast.origin,\n          size: service.forecast.size,\n          resolution: service.forecast.resolution,\n          data: item.data\n        })\n        item.data = grid.resample([params.oLon, params.oLat], [params.dLon, params.dLat], [params.sLon, params.sLat])\n        // Update statistics\n        Object.assign(item, Grid.getMinMax(item.data))\n      })\n      replaceItems(hook, isArray ? items : items[0])\n    }\n  }\n}\n"]},"_coverageSchema":"1a1c01bbd47fc00a2c39e90264f33305004495a9","hash":"88d1845732414c93d9fae1f39f292cd0e6b4efdd","contentHash":"4e9ba07c409c33b6c4ef2256bf0e481504d8fb1a35f5c51710b1ebf8090f4d4c"},"/home/daffl/Feathers/Kalisio/weacast/packages/core/src/hooks/logger.js":{"path":"/home/daffl/Feathers/Kalisio/weacast/packages/core/src/hooks/logger.js","statementMap":{"0":{"start":{"line":3,"column":0},"end":{"line":5,"column":3}},"1":{"start":{"line":6,"column":0},"end":{"line":6,"column":18}},"2":{"start":{"line":8,"column":15},"end":{"line":8,"column":33}},"3":{"start":{"line":11,"column":16},"end":{"line":11,"column":69}},"4":{"start":{"line":13,"column":2},"end":{"line":15,"column":3}},"5":{"start":{"line":14,"column":4},"end":{"line":14,"column":41}},"6":{"start":{"line":17,"column":2},"end":{"line":21,"column":3}},"7":{"start":{"line":18,"column":4},"end":{"line":18,"column":26}},"8":{"start":{"line":20,"column":4},"end":{"line":20,"column":26}},"9":{"start":{"line":23,"column":2},"end":{"line":23,"column":39}},"10":{"start":{"line":24,"column":2},"end":{"line":24,"column":43}},"11":{"start":{"line":26,"column":2},"end":{"line":28,"column":3}},"12":{"start":{"line":27,"column":4},"end":{"line":27,"column":45}}},"fnMap":{"0":{"name":"log","decl":{"start":{"line":10,"column":9},"end":{"line":10,"column":12}},"loc":{"start":{"line":10,"column":19},"end":{"line":29,"column":1}},"line":10}},"branchMap":{"0":{"loc":{"start":{"line":13,"column":2},"end":{"line":15,"column":3}},"type":"if","locations":[{"start":{"line":13,"column":2},"end":{"line":15,"column":3}},{"start":{"line":13,"column":2},"end":{"line":15,"column":3}}],"line":13},"1":{"loc":{"start":{"line":17,"column":2},"end":{"line":21,"column":3}},"type":"if","locations":[{"start":{"line":17,"column":2},"end":{"line":21,"column":3}},{"start":{"line":17,"column":2},"end":{"line":21,"column":3}}],"line":17},"2":{"loc":{"start":{"line":26,"column":2},"end":{"line":28,"column":3}},"type":"if","locations":[{"start":{"line":26,"column":2},"end":{"line":28,"column":3}},{"start":{"line":26,"column":2},"end":{"line":28,"column":3}}],"line":26}},"s":{"0":1,"1":1,"2":1,"3":0,"4":0,"5":0,"6":0,"7":0,"8":0,"9":0,"10":0,"11":0,"12":0},"f":{"0":0},"b":{"0":[0,0],"1":[0,0],"2":[0,0]},"inputSourceMap":{"version":3,"sources":["logger.js"],"names":["log","logger","require","hook","message","type","path","method","error","debug","silly","data","params","result"],"mappings":";;;;;QAGgBA,G,GAAAA,G;AAHhB;AACA,MAAMC,SAASC,QAAQ,SAAR,CAAf;;AAEO,SAASF,GAAT,CAAcG,IAAd,EAAoB;AACzB,MAAIC,UAAW,GAAED,KAAKE,IAAK,KAAIF,KAAKG,IAAK,cAAaH,KAAKI,MAAO,EAAlE;;AAEA,MAAIJ,KAAKE,IAAL,KAAc,OAAlB,EAA2B;AACzBD,eAAY,KAAID,KAAKK,KAAL,CAAWJ,OAAQ,EAAnC;AACD;;AAED,MAAID,KAAKK,KAAT,EAAgB;AACdP,WAAOO,KAAP,CAAaJ,OAAb;AACD,GAFD,MAEO;AACLH,WAAOQ,KAAP,CAAaL,OAAb;AACD;;AAEDH,SAAOS,KAAP,CAAa,WAAb,EAA0BP,KAAKQ,IAA/B;AACAV,SAAOS,KAAP,CAAa,aAAb,EAA4BP,KAAKS,MAAjC;;AAEA,MAAIT,KAAKU,MAAT,EAAiB;AACfZ,WAAOS,KAAP,CAAa,aAAb,EAA4BP,KAAKU,MAAjC;AACD;AACF","file":"logger.js","sourceRoot":"/home/daffl/Feathers/Kalisio/weacast/packages/core/src/hooks","sourcesContent":["// A hook that logs service method before, after and error\nconst logger = require('winston')\n\nexport function log (hook) {\n  let message = `${hook.type}: ${hook.path} - Method: ${hook.method}`\n\n  if (hook.type === 'error') {\n    message += `: ${hook.error.message}`\n  }\n\n  if (hook.error) {\n    logger.error(message)\n  } else {\n    logger.debug(message)\n  }\n\n  logger.silly('hook.data', hook.data)\n  logger.silly('hook.params', hook.params)\n\n  if (hook.result) {\n    logger.silly('hook.result', hook.result)\n  }\n}\n"]},"_coverageSchema":"1a1c01bbd47fc00a2c39e90264f33305004495a9","hash":"f3612fed47233bc7cf49fc8cceacb62a55a10b18","contentHash":"b315cb6b1d041895cdfe373c3e58f306192b4ab538aa0204a2a720187319944a"},"/home/daffl/Feathers/Kalisio/weacast/packages/core/src/models/forecasts.model.mongodb.js":{"path":"/home/daffl/Feathers/Kalisio/weacast/packages/core/src/models/forecasts.model.mongodb.js","statementMap":{"0":{"start":{"line":3,"column":0},"end":{"line":6,"column":2}},"1":{"start":{"line":4,"column":2},"end":{"line":4,"column":65}},"2":{"start":{"line":5,"column":2},"end":{"line":5,"column":59}}},"fnMap":{"0":{"name":"(anonymous_0)","decl":{"start":{"line":3,"column":17},"end":{"line":3,"column":18}},"loc":{"start":{"line":3,"column":41},"end":{"line":6,"column":1}},"line":3}},"branchMap":{},"s":{"0":1,"1":2,"2":2},"f":{"0":2},"b":{},"inputSourceMap":{"version":3,"sources":["forecasts.model.mongodb.js"],"names":["module","exports","app","options","Model","db","collection","dbName","createIndex","name","unique"],"mappings":";;AAAAA,OAAOC,OAAP,GAAiB,UAAUC,GAAV,EAAeC,OAAf,EAAwB;AACvCA,UAAQC,KAAR,GAAgBF,IAAIG,EAAJ,CAAOC,UAAP,CAAkB,WAAlB,EAA+BH,QAAQI,MAAvC,CAAhB;AACAJ,UAAQC,KAAR,CAAcI,WAAd,CAA0B,EAAEC,MAAM,CAAR,EAA1B,EAAuC,EAAEC,QAAQ,IAAV,EAAvC;AACD,CAHD","file":"forecasts.model.mongodb.js","sourceRoot":"/home/daffl/Feathers/Kalisio/weacast/packages/core/src/models","sourcesContent":["module.exports = function (app, options) {\n  options.Model = app.db.collection('forecasts', options.dbName)\n  options.Model.createIndex({ name: 1 }, { unique: true })\n}\n"]},"_coverageSchema":"1a1c01bbd47fc00a2c39e90264f33305004495a9","hash":"7dd0ed013619f7b7d202b3800a206db97b78d5ea","contentHash":"de79fb3cbd4226ad2d9c7e392de28b8b358eea1eb9d2a38088b781eb1823cd22"},"/home/daffl/Feathers/Kalisio/weacast/packages/core/src/services/forecasts/forecasts.hooks.js":{"path":"/home/daffl/Feathers/Kalisio/weacast/packages/core/src/services/forecasts/forecasts.hooks.js","statementMap":{"0":{"start":{"line":3,"column":27},"end":{"line":3,"column":59}},"1":{"start":{"line":5,"column":13},"end":{"line":5,"column":35}},"2":{"start":{"line":7,"column":12},"end":{"line":7,"column":43}},"3":{"start":{"line":9,"column":40},"end":{"line":9,"column":267}},"4":{"start":{"line":9,"column":69},"end":{"line":9,"column":80}},"5":{"start":{"line":9,"column":103},"end":{"line":9,"column":105}},"6":{"start":{"line":9,"column":107},"end":{"line":9,"column":228}},"7":{"start":{"line":9,"column":126},"end":{"line":9,"column":226}},"8":{"start":{"line":9,"column":149},"end":{"line":9,"column":224}},"9":{"start":{"line":9,"column":201},"end":{"line":9,"column":224}},"10":{"start":{"line":9,"column":229},"end":{"line":9,"column":250}},"11":{"start":{"line":9,"column":251},"end":{"line":9,"column":265}},"12":{"start":{"line":11,"column":0},"end":{"line":41,"column":2}}},"fnMap":{"0":{"name":"_interopRequireWildcard","decl":{"start":{"line":9,"column":9},"end":{"line":9,"column":32}},"loc":{"start":{"line":9,"column":38},"end":{"line":9,"column":269}},"line":9}},"branchMap":{"0":{"loc":{"start":{"line":9,"column":40},"end":{"line":9,"column":267}},"type":"if","locations":[{"start":{"line":9,"column":40},"end":{"line":9,"column":267}},{"start":{"line":9,"column":40},"end":{"line":9,"column":267}}],"line":9},"1":{"loc":{"start":{"line":9,"column":44},"end":{"line":9,"column":65}},"type":"binary-expr","locations":[{"start":{"line":9,"column":44},"end":{"line":9,"column":47}},{"start":{"line":9,"column":51},"end":{"line":9,"column":65}}],"line":9},"2":{"loc":{"start":{"line":9,"column":107},"end":{"line":9,"column":228}},"type":"if","locations":[{"start":{"line":9,"column":107},"end":{"line":9,"column":228}},{"start":{"line":9,"column":107},"end":{"line":9,"column":228}}],"line":9},"3":{"loc":{"start":{"line":9,"column":149},"end":{"line":9,"column":224}},"type":"if","locations":[{"start":{"line":9,"column":149},"end":{"line":9,"column":224}},{"start":{"line":9,"column":149},"end":{"line":9,"column":224}}],"line":9}},"s":{"0":1,"1":1,"2":1,"3":1,"4":1,"5":0,"6":0,"7":0,"8":0,"9":0,"10":0,"11":0,"12":1},"f":{"0":1},"b":{"0":[1,0],"1":[1,1],"2":[0,0],"3":[0,0]},"inputSourceMap":{"version":3,"sources":["forecasts.hooks.js"],"names":["hooks","module","exports","before","all","find","get","create","update","patch","remove","after","skipEvents","error"],"mappings":";;AAAA;;AACA;;IAAYA,K;;;;AAEZC,OAAOC,OAAP,GAAiB;AACfC,UAAQ;AACNC,SAAK,EADC;AAENC,UAAM,EAFA;AAGNC,SAAK,EAHC;AAINC,YAAQ,mCAAS,UAAT,CAJF;AAKNC,YAAQ,mCAAS,UAAT,CALF;AAMNC,WAAO,mCAAS,UAAT,CAND;AAONC,YAAQ,mCAAS,UAAT;AAPF,GADO;;AAWfC,SAAO;AACLP,SAAK,CAACJ,MAAMY,UAAP,CADA;AAELP,UAAM,EAFD;AAGLC,SAAK,EAHA;AAILC,YAAQ,EAJH;AAKLC,YAAQ,EALH;AAMLC,WAAO,EANF;AAOLC,YAAQ;AAPH,GAXQ;;AAqBfG,SAAO;AACLT,SAAK,EADA;AAELC,UAAM,EAFD;AAGLC,SAAK,EAHA;AAILC,YAAQ,EAJH;AAKLC,YAAQ,EALH;AAMLC,WAAO,EANF;AAOLC,YAAQ;AAPH;AArBQ,CAAjB","file":"forecasts.hooks.js","sourceRoot":"/home/daffl/Feathers/Kalisio/weacast/packages/core/src/services/forecasts","sourcesContent":["import { disallow } from 'feathers-hooks-common'\nimport * as hooks from '../../hooks'\n\nmodule.exports = {\n  before: {\n    all: [],\n    find: [],\n    get: [],\n    create: disallow('external'),\n    update: disallow('external'),\n    patch: disallow('external'),\n    remove: disallow('external')\n  },\n\n  after: {\n    all: [hooks.skipEvents],\n    find: [],\n    get: [],\n    create: [],\n    update: [],\n    patch: [],\n    remove: []\n  },\n\n  error: {\n    all: [],\n    find: [],\n    get: [],\n    create: [],\n    update: [],\n    patch: [],\n    remove: []\n  }\n}\n"]},"_coverageSchema":"1a1c01bbd47fc00a2c39e90264f33305004495a9","hash":"bb8f01790c34f688cd1cf4ab37de3e39cba8e6bf","contentHash":"9c4ce7653698c68630c3f05a8d02eb4e88211923f6a211206509f472ba2b03ef"},"/home/daffl/Feathers/Kalisio/weacast/packages/core/src/models/elements.model.mongodb.js":{"path":"/home/daffl/Feathers/Kalisio/weacast/packages/core/src/models/elements.model.mongodb.js","statementMap":{"0":{"start":{"line":3,"column":0},"end":{"line":18,"column":2}},"1":{"start":{"line":4,"column":2},"end":{"line":4,"column":125}},"2":{"start":{"line":7,"column":19},"end":{"line":7,"column":87}},"3":{"start":{"line":9,"column":2},"end":{"line":9,"column":123}},"4":{"start":{"line":9,"column":53},"end":{"line":9,"column":123}},"5":{"start":{"line":11,"column":2},"end":{"line":11,"column":85}},"6":{"start":{"line":13,"column":2},"end":{"line":13,"column":54}},"7":{"start":{"line":15,"column":2},"end":{"line":15,"column":45}},"8":{"start":{"line":16,"column":2},"end":{"line":16,"column":44}},"9":{"start":{"line":17,"column":2},"end":{"line":17,"column":62}}},"fnMap":{"0":{"name":"(anonymous_0)","decl":{"start":{"line":3,"column":17},"end":{"line":3,"column":18}},"loc":{"start":{"line":3,"column":60},"end":{"line":18,"column":1}},"line":3}},"branchMap":{"0":{"loc":{"start":{"line":4,"column":72},"end":{"line":4,"column":123}},"type":"binary-expr","locations":[{"start":{"line":4,"column":72},"end":{"line":4,"column":86}},{"start":{"line":4,"column":90},"end":{"line":4,"column":105}},{"start":{"line":4,"column":109},"end":{"line":4,"column":123}}],"line":4},"1":{"loc":{"start":{"line":7,"column":19},"end":{"line":7,"column":87}},"type":"binary-expr","locations":[{"start":{"line":7,"column":19},"end":{"line":7,"column":30}},{"start":{"line":7,"column":34},"end":{"line":7,"column":46}},{"start":{"line":7,"column":50},"end":{"line":7,"column":66}},{"start":{"line":7,"column":70},"end":{"line":7,"column":87}}],"line":7},"2":{"loc":{"start":{"line":9,"column":2},"end":{"line":9,"column":123}},"type":"if","locations":[{"start":{"line":9,"column":2},"end":{"line":9,"column":123}},{"start":{"line":9,"column":2},"end":{"line":9,"column":123}}],"line":9},"3":{"loc":{"start":{"line":9,"column":6},"end":{"line":9,"column":51}},"type":"binary-expr","locations":[{"start":{"line":9,"column":6},"end":{"line":9,"column":26}},{"start":{"line":9,"column":30},"end":{"line":9,"column":51}}],"line":9},"4":{"loc":{"start":{"line":9,"column":67},"end":{"line":9,"column":122}},"type":"binary-expr","locations":[{"start":{"line":9,"column":67},"end":{"line":9,"column":92}},{"start":{"line":9,"column":96},"end":{"line":9,"column":122}}],"line":9}},"s":{"0":1,"1":3,"2":3,"3":3,"4":0,"5":3,"6":3,"7":3,"8":3,"9":3},"f":{"0":3},"b":{"0":[3,3,3],"1":[3,3,3,3],"2":[0,3],"3":[3,3],"4":[0,0]},"inputSourceMap":{"version":3,"sources":["elements.model.mongodb.js"],"names":["module","exports","forecast","element","app","options","Model","db","collection","name","dbName","expiration","ttl","interval","keepPastRuns","oldestRunInterval","createIndex","forecastTime","expireAfterSeconds","geometry","x","y"],"mappings":";;AAAAA,OAAOC,OAAP,GAAiB,UAAUC,QAAV,EAAoBC,OAApB,EAA6BC,GAA7B,EAAkCC,OAAlC,EAA2C;AAC1DA,UAAQC,KAAR,GAAgBF,IAAIG,EAAJ,CAAOC,UAAP,CAAmB,GAAEN,SAASO,IAAK,IAAGN,QAAQM,IAAK,EAAnD,EAAsDN,QAAQO,MAAR,IAAkBR,SAASQ,MAA3B,IAAqCL,QAAQK,MAAnG,CAAhB;AACA;AACA;AACA,MAAIC,aAAaR,QAAQS,GAAR,IAAeV,SAASU,GAAxB,IAA+BT,QAAQU,QAAvC,IAAmDX,SAASW,QAA7E;AACA;AACA,MAAIV,QAAQW,YAAR,IAAwBZ,SAASY,YAArC,EAAmDH,cAAcR,QAAQY,iBAAR,IAA6Bb,SAASa,iBAApD;AACnD;AACAV,UAAQC,KAAR,CAAcU,WAAd,CAA0B,EAAEC,cAAc,CAAhB,EAA1B,EAA+C,EAAEC,oBAAoBP,UAAtB,EAA/C;AACA;AACAN,UAAQC,KAAR,CAAcU,WAAd,CAA0B,EAAEG,UAAU,UAAZ,EAA1B;AACA;AACAd,UAAQC,KAAR,CAAcU,WAAd,CAA0B,EAAEG,UAAU,CAAZ,EAA1B;AACAd,UAAQC,KAAR,CAAcU,WAAd,CAA0B,EAAEI,GAAG,CAAL,EAAQC,GAAG,CAAX,EAA1B;AACAhB,UAAQC,KAAR,CAAcU,WAAd,CAA0B,EAAEC,cAAc,CAAhB,EAAmBE,UAAU,CAA7B,EAA1B;AACD,CAfD","file":"elements.model.mongodb.js","sourceRoot":"/home/daffl/Feathers/Kalisio/weacast/packages/core/src/models","sourcesContent":["module.exports = function (forecast, element, app, options) {\n  options.Model = app.db.collection(`${forecast.name}-${element.name}`, element.dbName || forecast.dbName || options.dbName)\n  // When a forecast is in the past we should not care anymore,\n  // however it is still potentially valid at least until we reach the next forecast\n  let expiration = element.ttl || forecast.ttl || element.interval || forecast.interval\n  // Extend the expiration period if we need to keep past data\n  if (element.keepPastRuns || forecast.keepPastRuns) expiration += element.oldestRunInterval || forecast.oldestRunInterval\n  // Nota : adding a unique constraint on the field causes TTL not to work\n  options.Model.createIndex({ forecastTime: 1 }, { expireAfterSeconds: expiration })\n  // To perform geo queries on tiles\n  options.Model.createIndex({ geometry: '2dsphere' })\n  // To perform $exists requests\n  options.Model.createIndex({ geometry: 1 })\n  options.Model.createIndex({ x: 1, y: 1 })\n  options.Model.createIndex({ forecastTime: 1, geometry: 1 })\n}\n"]},"_coverageSchema":"1a1c01bbd47fc00a2c39e90264f33305004495a9","hash":"171d5c50bafaf22a8ccae92bf18516ebd3e47c26","contentHash":"2478223c3136c9e3270bb661aff6a394af229fb814808ff659839aaf5135abfa"}}